#
# A fatal error has been detected by the Java Runtime Environment:
#
#  EXCEPTION_ACCESS_VIOLATION (0xc0000005) at pc=0x00007ff8387f6a0c, pid=16948, tid=392
#
# JRE version: Java(TM) SE Runtime Environment (23.0+37) (build 23+37-2369)
# Java VM: Java HotSpot(TM) 64-Bit Server VM (23+37-2369, mixed mode, sharing, tiered, compressed oops, compressed class ptrs, g1 gc, windows-amd64)
# Problematic frame:
# C  [jdwp.dll+0x26a0c]
#
# No core dump will be written. Minidumps are not enabled by default on client versions of Windows
#
# If you would like to submit a bug report, please visit:
#   https://bugreport.java.com/bugreport/crash.jsp
# The crash happened outside the Java Virtual Machine in native code.
# See problematic frame for where to report the bug.
#

---------------  S U M M A R Y ------------

Command Line: -agentlib:jdwp=transport=dt_socket,server=n,suspend=y,address=localhost:52657 -XX:+ShowCodeDetailsInExceptionMessages com.unisinos.Main

Host: AMD Ryzen 7 5800X 8-Core Processor             , 16 cores, 31G,  Windows 11 , 64 bit Build 22621 (10.0.22621.4391)
Time: Mon Nov 18 20:45:39 2024 Hora oficial do Brasil elapsed time: 0.182042 seconds (0d 0h 0m 0s)

---------------  T H R E A D  ---------------

Current thread (0x0000028bd5d22fa0):  JavaThread "main"             [_thread_in_native, id=392, stack(0x000000ff8f800000,0x000000ff8f900000) (1024K)]

Stack: [0x000000ff8f800000,0x000000ff8f900000],  sp=0x000000ff8f8fe808,  free space=1018k
Native frames: (J=compiled Java code, j=interpreted, Vv=VM code, C=native code)
C  [jdwp.dll+0x26a0c]  (no source info available)
C  [jdwp.dll+0x161f3]  (no source info available)
C  [jdwp.dll+0x12873]  (no source info available)
V  [jvm.dll+0x5990d7]  (no source info available)
V  [jvm.dll+0x3c10e6]  (no source info available)
V  [jvm.dll+0x3bfd37]  (no source info available)
V  [jvm.dll+0x3bfcd8]  (no source info available)
V  [jvm.dll+0x5e6039]  (no source info available)
V  [jvm.dll+0x5e4f74]  (no source info available)
V  [jvm.dll+0x3d5bcd]  (no source info available)
V  [jvm.dll+0x3d51cd]  (no source info available)
C  0x0000028be7d14f5c  (no source info available)

The last pc belongs to invokestatic (printed below).
Java frames: (J=compiled Java code, j=interpreted, Vv=VM code)
j  jdk.internal.reflect.MethodHandleAccessorFactory.newFieldAccessor(Ljava/lang/reflect/Field;Z)Ljdk/internal/reflect/FieldAccessorImpl;+170 java.base@23
j  jdk.internal.reflect.ReflectionFactory.newFieldAccessor(Ljava/lang/reflect/Field;Z)Ljdk/internal/reflect/FieldAccessor;+76 java.base@23
j  java.lang.reflect.Field.acquireFieldAccessor()Ljdk/internal/reflect/FieldAccessor;+35 java.base@23
j  java.lang.reflect.Field.getFieldAccessor()Ljdk/internal/reflect/FieldAccessor;+14 java.base@23
j  java.lang.reflect.Field.getInt(Ljava/lang/Object;)I+18 java.base@23
j  org.lwjgl.system.APIUtil.apiClassTokens(Ljava/util/function/BiPredicate;Ljava/util/Map;[Ljava/lang/Class;)Ljava/util/Map;+104
j  org.lwjgl.glfw.GLFWErrorCallback$1.<init>(Ljava/io/PrintStream;)V+25
j  org.lwjgl.glfw.GLFWErrorCallback.createPrint(Ljava/io/PrintStream;)Lorg/lwjgl/glfw/GLFWErrorCallback;+5
j  com.unisinos.Janela.init()V+3
j  com.unisinos.Main.main([Ljava/lang/String;)V+17
v  ~StubRoutines::call_stub 0x0000028be7cf0fcd

siginfo: EXCEPTION_ACCESS_VIOLATION (0xc0000005), reading address 0xffffffffffffffff


Registers:
RAX=0x0000028bc17e6f40, RBX=0x0000028bfa471450, RCX=0x0000028bd5d23360, RDX=0x0000028bfa471450
RSP=0x000000ff8f8fe808, RBP=0x0000000000000002, RSI=0x000000ff8f8fe8b0, RDI=0x0000028bd5d23360
R8 =0x0000000000010002, R9 =0x0000000000000000, R10=0x00007ff8989b0000, R11=0x000000ff8f8fe7d8
R12=0x0000000000000007, R13=0x0000028bfa471450, R14=0x00007ff838800400, R15=0x0000000000000000
RIP=0x00007ff8387f6a0c, EFLAGS=0x0000000000010206


Register to memory mapping:

RAX=0x0000028bc17e6f40 points into unknown readable memory: 0x0000000000000000 | 00 00 00 00 00 00 00 00
RBX=0x0000028bfa471450 points into unknown readable memory: 0x000000062080a4d8 | d8 a4 80 20 06 00 00 00
RCX=0x0000028bd5d23360 points into unknown readable memory: 0x0000028bc17e6f40 | 40 6f 7e c1 8b 02 00 00
RDX=0x0000028bfa471450 points into unknown readable memory: 0x000000062080a4d8 | d8 a4 80 20 06 00 00 00
RSP=0x000000ff8f8fe808 is pointing into the stack for thread: 0x0000028bd5d22fa0
RBP=0x0000000000000002 is an unknown value
RSI=0x000000ff8f8fe8b0 is pointing into the stack for thread: 0x0000028bd5d22fa0
RDI=0x0000028bd5d23360 points into unknown readable memory: 0x0000028bc17e6f40 | 40 6f 7e c1 8b 02 00 00
R8 =0x0000000000010002 is an unknown value
R9 =0x0 is null
R10=0x00007ff8989b0000 VCRUNTIME140.dll
R11=0x000000ff8f8fe7d8 is pointing into the stack for thread: 0x0000028bd5d22fa0
R12=0x0000000000000007 is an unknown value
R13=0x0000028bfa471450 points into unknown readable memory: 0x000000062080a4d8 | d8 a4 80 20 06 00 00 00
R14=0x00007ff838800400 jdwp.dll
R15=0x0 is null

Top of Stack: (sp=0x000000ff8f8fe808)
0x000000ff8f8fe808:   00007ff8387e61f3 0000028bfa471450
0x000000ff8f8fe818:   000000ff8f8fe8b0 0000000000000000
0x000000ff8f8fe828:   0000000000000000 0000028bfa476e08
0x000000ff8f8fe838:   0000000000000020 0000028bd5d0a440
0x000000ff8f8fe848:   00007ff838800428 0000028bd5d23578
0x000000ff8f8fe858:   00007ff8387e2873 0000028bfa471450
0x000000ff8f8fe868:   0000000000000002 0000028bd5d23360
0x000000ff8f8fe878:   0000028bfa471458 000000ff8f8febe0
0x000000ff8f8fe888:   00007ff80b1d13b9 00007ff80bbb3810
0x000000ff8f8fe898:   0000028bc1093230 0000000000000000
0x000000ff8f8fe8a8:   0000028b802aeb08 0000000000000007
0x000000ff8f8fe8b8:   0000028bfa471450 0000000000000000
0x000000ff8f8fe8c8:   0000028bfa471458 0000000000000000
0x000000ff8f8fe8d8:   0000000000000000 0000000000000000
0x000000ff8f8fe8e8:   0000000000000000 0000000000000000
0x000000ff8f8fe8f8:   0000000000000000 0000000000000000
0x000000ff8f8fe908:   0000028bd5d23578 0000028b81054a00
0x000000ff8f8fe918:   00007ff80b4d90d7 0000028bfa471458
0x000000ff8f8fe928:   0000028bc11c0760 0000028bd5d22fa0
0x000000ff8f8fe938:   0000028bd816adf0 0000028b804ca4d0
0x000000ff8f8fe948:   0000028bd5deeda0 0000028b804ca4e0
0x000000ff8f8fe958:   0000000000000001 0000028b81054a00
0x000000ff8f8fe968:   00007ff80b1cf392 0000e1d16cf524e5
0x000000ff8f8fe978:   0000028b806665b8 0000028bd5d35470
0x000000ff8f8fe988:   0000028bd816adf0 0000028bd816ae00
0x000000ff8f8fe998:   0000028bd816b1d8 00000000000003d8
0x000000ff8f8fe9a8:   0000028bd5d22fa0 0000028bd5d22fa0
0x000000ff8f8fe9b8:   0000028bd5d351b0 0000028bd816b1e0
0x000000ff8f8fe9c8:   0000028bd816b1f8 0000028bd816b2c8
0x000000ff8f8fe9d8:   00000000000000d8 000000ff8f8fe9f0
0x000000ff8f8fe9e8:   00007ff80b5ee0e3 0000028bd5d22fa0
0x000000ff8f8fe9f8:   0000028bd5d351b0 0000028bd816b1e0 

Instructions: (pc=0x00007ff8387f6a0c)
0x00007ff8387f690c:   05 df 07 01 00 48 8b 03 48 8b d7 4d 8b 40 30 48
0x00007ff8387f691c:   8b cb 48 8b 5c 24 30 48 83 c4 20 5f 48 ff a0 00
0x00007ff8387f692c:   01 00 00 cc 48 89 5c 24 08 57 48 83 ec 20 48 8b
0x00007ff8387f693c:   f9 e8 f2 ea ff ff 4c 8b 05 a7 07 01 00 48 8b d8
0x00007ff8387f694c:   41 f6 80 10 02 00 00 02 74 33 41 b8 0f 06 00 00
0x00007ff8387f695c:   48 8d 15 15 c3 00 00 48 8d 0d 5a 5a 00 00 e8 19
0x00007ff8387f696c:   48 ff ff 48 8d 15 62 99 00 00 48 8d 0d 5b 5a 00
0x00007ff8387f697c:   00 e8 ae 48 ff ff 4c 8b 05 67 07 01 00 48 8b 03
0x00007ff8387f698c:   48 8b d7 4d 8b 40 38 48 8b cb 48 8b 5c 24 30 48
0x00007ff8387f699c:   83 c4 20 5f 48 ff a0 00 01 00 00 cc 48 89 5c 24
0x00007ff8387f69ac:   08 57 48 83 ec 20 48 8b f9 e8 7a ea ff ff 48 8b
0x00007ff8387f69bc:   15 2f 07 01 00 48 8b d8 f6 82 10 02 00 00 02 74
0x00007ff8387f69cc:   2c 41 b8 01 06 00 00 48 8d 15 9e c2 00 00 48 8d
0x00007ff8387f69dc:   0d e3 59 00 00 e8 a2 47 ff ff 48 8d 15 33 6a 00
0x00007ff8387f69ec:   00 48 8d 0d e4 59 00 00 e8 37 48 ff ff 48 8b 03
0x00007ff8387f69fc:   48 8b d7 48 8b cb 48 8b 5c 24 30 48 83 c4 20 5f
0x00007ff8387f6a0c:   48 ff a0 50 07 00 00 cc 48 89 5c 24 08 48 89 74
0x00007ff8387f6a1c:   24 10 48 89 7c 24 18 41 56 48 83 ec 20 4c 63 f2
0x00007ff8387f6a2c:   49 8b d8 48 8b d1 41 8b f9 48 8b cb 4d 8d 46 ff
0x00007ff8387f6a3c:   ff 15 2e 58 00 00 85 c0 75 3c 41 0f be 44 1e ff
0x00007ff8387f6a4c:   3b c7 75 32 49 03 de eb 10 0f be c8 ff 15 02 58
0x00007ff8387f6a5c:   00 00 85 c0 74 09 48 ff c3 8a 03 84 c0 75 ea 80
0x00007ff8387f6a6c:   3b 3b 74 12 8b d7 48 8b cb e8 38 4b 00 00 48 85
0x00007ff8387f6a7c:   c0 0f 94 c0 eb 02 32 c0 48 8b 5c 24 30 48 8b 74
0x00007ff8387f6a8c:   24 38 48 8b 7c 24 40 48 83 c4 20 41 5e c3 cc cc
0x00007ff8387f6a9c:   0f b6 d1 83 fa 1e 0f 87 83 00 00 00 74 7b 83 fa
0x00007ff8387f6aac:   07 77 41 74 39 83 ea 01 74 2e 83 ea 01 74 23 83
0x00007ff8387f6abc:   ea 01 74 18 83 ea 01 74 0d 83 fa 02 0f 85 8a 00
0x00007ff8387f6acc:   00 00 8d 42 03 c3 b8 04 00 00 00 c3 b8 03 00 00
0x00007ff8387f6adc:   00 c3 b8 02 00 00 00 c3 b8 01 00 00 00 c3 b8 06
0x00007ff8387f6aec:   00 00 00 c3 b8 08 00 00 00 2b d0 74 26 83 ea 01
0x00007ff8387f6afc:   0f 84 88 00 00 00 83 ea 01 74 12 b8 0a 00 00 00 


Stack slot to memory mapping:

stack at sp + 0 slots: 0x00007ff8387e61f3 jdwp.dll
stack at sp + 1 slots: 0x0000028bfa471450 points into unknown readable memory: 0x000000062080a4d8 | d8 a4 80 20 06 00 00 00
stack at sp + 2 slots: 0x000000ff8f8fe8b0 is pointing into the stack for thread: 0x0000028bd5d22fa0
stack at sp + 3 slots: 0x0 is null
stack at sp + 4 slots: 0x0 is null
stack at sp + 5 slots: 0x0000028bfa476e08 points into unknown readable memory: 0x0000028bd5d0a3d0 | d0 a3 d0 d5 8b 02 00 00
stack at sp + 6 slots: 0x0000000000000020 is an unknown value
stack at sp + 7 slots: 0x0000028bd5d0a440 points into unknown readable memory: 0x8000001200000001 | 01 00 00 00 12 00 00 80

Lock stack of current Java thread (top to bottom):
LockStack[0]: [I 
{0x000000062064c1c0} - klass: {type array int}
 - length: 0

invokestatic  184 invokestatic  [0x0000028be7d14ec0, 0x0000028be7d15260]  928 bytes
[MachCode]
  0x0000028be7d14ec0: 4883 ec08 | c5fa 1104 | 24eb 1f48 | 83ec 10c5 | fb11 0424 | eb14 4883 | ec10 4889 | 0424 48c7 
  0x0000028be7d14ee0: 4424 0800 | 0000 00eb | 0150 488b | 4dd0 410f | b755 0148 | 8b49 306b | d218 488d | 4c11 080f 
  0x0000028be7d14f00: b659 1681 | fbb8 0000 | 000f 8474 | 0100 00bb | b800 0000 | e805 0000 | 00e9 5001 | 0000 488b 
  0x0000028be7d14f20: d348 8d44 | 2408 4c89 | 6dc0 498b | cfc5 f877 | 4989 afb0 | 0300 0049 | 8987 a003 | 0000 4883 
  0x0000028be7d14f40: ec20 40f6 | c40f 0f84 | 1900 0000 | 4883 ec08 | 48b8 6051 | 310b f87f | 0000 ffd0 | 4883 c408 
  0x0000028be7d14f60: e90c 0000 | 0048 b860 | 5131 0bf8 | 7f00 00ff | d048 83c4 | 2049 c787 | a003 0000 | 0000 0000 
  0x0000028be7d14f80: 49c7 87b0 | 0300 0000 | 0000 0049 | c787 a803 | 0000 0000 | 0000 c5f8 | 7741 8b8f | 2c05 0000 
  0x0000028be7d14fa0: f6c1 010f | 8442 0000 | 00f6 c102 | 0f85 3900 | 0000 4883 | ec20 40f6 | c40f 0f84 | 1900 0000 
  0x0000028be7d14fc0: 4883 ec08 | 48b8 10fc | 300b f87f | 0000 ffd0 | 4883 c408 | e90c 0000 | 0048 b810 | fc30 0bf8 
  0x0000028be7d14fe0: 7f00 00ff | d048 83c4 | 20ff e049 | 8b8f d805 | 0000 4885 | c90f 8455 | 0000 008b | 899c 0000 
  0x0000028be7d15000: 0083 f901 | 0f85 4600 | 0000 498b | 8fd8 0500 | 008b 89a0 | 0000 0048 | 83ec 2040 | f6c4 0f0f 
  0x0000028be7d15020: 8419 0000 | 0048 83ec | 0848 b800 | fc30 0bf8 | 7f00 00ff | d048 83c4 | 08e9 0c00 | 0000 48b8 
  0x0000028be7d15040: 00fc 300b | f87f 0000 | ffd0 4883 | c420 ffe0 | 4983 7f08 | 000f 8405 | 0000 00e9 | 60be fdff 
  0x0000028be7d15060: 4c8b 6dc0 | 4c8b 75c8 | 4e8d 74f5 | 00c3 488b | 4dd0 410f | b755 0148 | 8b49 306b | d218 488d 
  0x0000028be7d15080: 4c11 0848 | 8b19 488b | 5b08 488b | 5b08 488b | 5b18 80bb | 3101 0000 | 040f 840d | 0000 004c 
  0x0000028be7d150a0: 3bbb 3801 | 0000 0f85 | 63fe ffff | 0fb6 5115 | 488b 194c | 896d c044 | 8bea 0fb6 | 5114 49ba 
  0x0000028be7d150c0: 6035 bc0b | f87f 0000 | 498b 14d2 | 5241 8bd5 | 4c8b 6dc0 | 488b 45d8 | 4885 c00f | 8412 0000 
  0x0000028be7d150e0: 0048 8340 | 0801 4883 | 5808 0048 | 83c0 1048 | 8945 d848 | 8b45 d848 | 85c0 0f84 | 3d01 0000 
  0x0000028be7d15100: 8078 f00a | 0f85 3301 | 0000 4883 | c008 4c8b | 68f8 4183 | ed00 4183 | fd02 0f8c | 1201 0000 
  0x0000028be7d15120: 4c8b 6b08 | 450f b76d | 2e4c 2b28 | 4183 ed01 | 4e8b 6cec | 084d 85ed | 750e f640 | 0801 7558 
  0x0000028be7d15140: f048 8348 | 0801 eb50 | 458b 6d08 | 49ba 0000 | 0080 8b02 | 0000 4d03 | ea4d 8bd5 | 4c33 6808 
  0x0000028be7d15160: 49f7 c5fc | ffff ff74 | 2f41 f6c5 | 0275 2948 | 8378 0800 | 741e 4883 | 7808 0174 | 174d 8bea 
  0x0000028be7d15180: 4c33 6808 | 49f7 c5fc | ffff ff74 | 0b48 8348 | 0802 eb04 | 4c89 6808 | 4883 c010 | 4c8b 68e8 
  0x0000028be7d151a0: 4183 ed02 | 4183 fd02 | 0f8c 8400 | 0000 4c8b | 6b08 450f | b76d 2e4c | 2b28 4183 | ed01 4e8b 
  0x0000028be7d151c0: 6cec 084d | 85ed 750e | f640 0801 | 7558 f048 | 8348 0801 | eb50 458b | 6d08 49ba | 0000 0080 
  0x0000028be7d151e0: 8b02 0000 | 4d03 ea4d | 8bd5 4c33 | 6808 49f7 | c5fc ffff | ff74 2f41 | f6c5 0275 | 2948 8378 
  0x0000028be7d15200: 0800 741e | 4883 7808 | 0174 174d | 8bea 4c33 | 6808 49f7 | c5fc ffff | ff74 0b48 | 8348 0802 
  0x0000028be7d15220: eb04 4c89 | 6808 4883 | c010 4c8b | 68d8 4183 | ed04 41c1 | e503 4903 | c548 8945 | d84c 8d6c 
  0x0000028be7d15240: 2408 498b | cd48 2bcd | 48c1 f903 | 4889 4df0 | 4180 bfe0 | 0500 0000 | 7403 ff63 | 38ff 6350 
[/MachCode]

---------------  P R O C E S S  ---------------

Threads class SMR info:
_java_thread_list=0x0000028bc1206940, length=15, elements={
0x0000028bd5d22fa0, 0x0000028bfa489aa0, 0x0000028bfa48ab10, 0x0000028bfa48bd60,
0x0000028bfa48eb20, 0x0000028bfa49ca00, 0x0000028bfa49d590, 0x0000028bfa493f30,
0x0000028bfa4a2630, 0x0000028bc10ed2a0, 0x0000028bc1211d60, 0x0000028bc12116d0,
0x0000028bc1213110, 0x0000028bc121c600, 0x0000028bc1225000
}

Java Threads: ( => current thread )
=>0x0000028bd5d22fa0 JavaThread "main"                              [_thread_in_native, id=392, stack(0x000000ff8f800000,0x000000ff8f900000) (1024K)]
  0x0000028bfa489aa0 JavaThread "Reference Handler"          daemon [_thread_blocked, id=21528, stack(0x000000ff90000000,0x000000ff90100000) (1024K)]
  0x0000028bfa48ab10 JavaThread "Finalizer"                  daemon [_thread_blocked, id=18104, stack(0x000000ff90100000,0x000000ff90200000) (1024K)]
  0x0000028bfa48bd60 JavaThread "Signal Dispatcher"          daemon [_thread_blocked, id=12328, stack(0x000000ff90200000,0x000000ff90300000) (1024K)]
  0x0000028bfa48eb20 JavaThread "Attach Listener"            daemon [_thread_blocked, id=22256, stack(0x000000ff90300000,0x000000ff90400000) (1024K)]
  0x0000028bfa49ca00 JavaThread "Service Thread"             daemon [_thread_blocked, id=22904, stack(0x000000ff90400000,0x000000ff90500000) (1024K)]
  0x0000028bfa49d590 JavaThread "Monitor Deflation Thread"   daemon [_thread_blocked, id=3800, stack(0x000000ff90500000,0x000000ff90600000) (1024K)]
  0x0000028bfa493f30 JavaThread "C2 CompilerThread0"         daemon [_thread_blocked, id=3884, stack(0x000000ff90600000,0x000000ff90700000) (1024K)]
  0x0000028bfa4a2630 JavaThread "C1 CompilerThread0"         daemon [_thread_blocked, id=13364, stack(0x000000ff90700000,0x000000ff90800000) (1024K)]
  0x0000028bc10ed2a0 JavaThread "C1 CompilerThread1"         daemon [_thread_blocked, id=21584, stack(0x000000ff90800000,0x000000ff90900000) (1024K)]
  0x0000028bc1211d60 JavaThread "JDWP Transport Listener: dt_socket" daemon [_thread_blocked, id=19332, stack(0x000000ff90900000,0x000000ff90a00000) (1024K)]
  0x0000028bc12116d0 JavaThread "JDWP Event Helper Thread"   daemon [_thread_blocked, id=20232, stack(0x000000ff90a00000,0x000000ff90b00000) (1024K)]
  0x0000028bc1213110 JavaThread "JDWP Command Reader"        daemon [_thread_in_native, id=13380, stack(0x000000ff90b00000,0x000000ff90c00000) (1024K)]
  0x0000028bc121c600 JavaThread "Notification Thread"        daemon [_thread_blocked, id=18212, stack(0x000000ff90c00000,0x000000ff90d00000) (1024K)]
  0x0000028bc1225000 JavaThread "Common-Cleaner"             daemon [_thread_blocked, id=21968, stack(0x000000ff90d00000,0x000000ff90e00000) (1024K)]
Total: 15

Other Threads:
  0x0000028bfa4702f0 VMThread "VM Thread"                           [id=2396, stack(0x000000ff8ff00000,0x000000ff90000000) (1024K)]
  0x0000028bfa45df20 WatcherThread "VM Periodic Task Thread"        [id=19316, stack(0x000000ff8fe00000,0x000000ff8ff00000) (1024K)]
  0x0000028bd8218560 WorkerThread "GC Thread#0"                     [id=11744, stack(0x000000ff8f900000,0x000000ff8fa00000) (1024K)]
  0x0000028bd822e6e0 ConcurrentGCThread "G1 Main Marker"            [id=18400, stack(0x000000ff8fa00000,0x000000ff8fb00000) (1024K)]
  0x0000028bfa2e0a80 WorkerThread "G1 Conc#0"                       [id=9276, stack(0x000000ff8fb00000,0x000000ff8fc00000) (1024K)]
  0x0000028bfa3a45d0 ConcurrentGCThread "G1 Refine#0"               [id=22352, stack(0x000000ff8fc00000,0x000000ff8fd00000) (1024K)]
  0x0000028bd8165d20 ConcurrentGCThread "G1 Service"                [id=10372, stack(0x000000ff8fd00000,0x000000ff8fe00000) (1024K)]
Total: 7

Threads with active compile tasks:
Total: 0

VM state: not at safepoint (normal execution)

VM Mutex/Monitor currently owned by a thread: None

Heap address: 0x0000000600c00000, size: 8180 MB, Compressed Oops mode: Zero based, Oop shift amount: 3

CDS archive(s) mapped at: [0x0000028b80000000-0x0000028b80d70000-0x0000028b80d70000), size 14090240, SharedBaseAddress: 0x0000028b80000000, ArchiveRelocationMode: 1.
Compressed class space mapped at: 0x0000028b81000000-0x0000028bc1000000, reserved size: 1073741824
Narrow klass base: 0x0000028b80000000, Narrow klass shift: 0, Narrow klass range: 0x41000000

GC Precious Log:
 CardTable entry size: 512
 Card Set container configuration: InlinePtr #cards 4 size 8 Array Of Cards #cards 32 size 80 Howl #buckets 8 coarsen threshold 7372 Howl Bitmap #cards 1024 size 144 coarsen threshold 921 Card regions per heap region 1 cards per card region 8192
 CPUs: 16 total, 16 available
 Memory: 32711M
 Large Page Support: Disabled
 NUMA Support: Disabled
 Compressed Oops: Enabled (Zero based)
 Heap Region Size: 4M
 Heap Min Capacity: 8M
 Heap Initial Capacity: 512M
 Heap Max Capacity: 8180M
 Pre-touch: Disabled
 Parallel Workers: 13
 Concurrent Workers: 3
 Concurrent Refinement Workers: 13
 Periodic GC: Disabled

Heap:
 garbage-first heap   total reserved 8376320K, committed 524288K, used 4096K [0x0000000600c00000, 0x0000000800000000)
  region size 4096K, 2 young (8192K), 0 survivors (0K)
 Metaspace       used 2272K, committed 2496K, reserved 1114112K
  class space    used 161K, committed 256K, reserved 1048576K

Heap Regions: E=young(eden), S=young(survivor), O=old, HS=humongous(starts), HC=humongous(continues), CS=collection set, F=free, TAMS=top-at-mark-start, PB=parsable bottom
|   0|0x0000000600c00000, 0x0000000600c00000, 0x0000000601000000|  0%| F|  |TAMS 0x0000000600c00000| PB 0x0000000600c00000| Untracked |  0
|   1|0x0000000601000000, 0x0000000601000000, 0x0000000601400000|  0%| F|  |TAMS 0x0000000601000000| PB 0x0000000601000000| Untracked |  0
|   2|0x0000000601400000, 0x0000000601400000, 0x0000000601800000|  0%| F|  |TAMS 0x0000000601400000| PB 0x0000000601400000| Untracked |  0
|   3|0x0000000601800000, 0x0000000601800000, 0x0000000601c00000|  0%| F|  |TAMS 0x0000000601800000| PB 0x0000000601800000| Untracked |  0
|   4|0x0000000601c00000, 0x0000000601c00000, 0x0000000602000000|  0%| F|  |TAMS 0x0000000601c00000| PB 0x0000000601c00000| Untracked |  0
|   5|0x0000000602000000, 0x0000000602000000, 0x0000000602400000|  0%| F|  |TAMS 0x0000000602000000| PB 0x0000000602000000| Untracked |  0
|   6|0x0000000602400000, 0x0000000602400000, 0x0000000602800000|  0%| F|  |TAMS 0x0000000602400000| PB 0x0000000602400000| Untracked |  0
|   7|0x0000000602800000, 0x0000000602800000, 0x0000000602c00000|  0%| F|  |TAMS 0x0000000602800000| PB 0x0000000602800000| Untracked |  0
|   8|0x0000000602c00000, 0x0000000602c00000, 0x0000000603000000|  0%| F|  |TAMS 0x0000000602c00000| PB 0x0000000602c00000| Untracked |  0
|   9|0x0000000603000000, 0x0000000603000000, 0x0000000603400000|  0%| F|  |TAMS 0x0000000603000000| PB 0x0000000603000000| Untracked |  0
|  10|0x0000000603400000, 0x0000000603400000, 0x0000000603800000|  0%| F|  |TAMS 0x0000000603400000| PB 0x0000000603400000| Untracked |  0
|  11|0x0000000603800000, 0x0000000603800000, 0x0000000603c00000|  0%| F|  |TAMS 0x0000000603800000| PB 0x0000000603800000| Untracked |  0
|  12|0x0000000603c00000, 0x0000000603c00000, 0x0000000604000000|  0%| F|  |TAMS 0x0000000603c00000| PB 0x0000000603c00000| Untracked |  0
|  13|0x0000000604000000, 0x0000000604000000, 0x0000000604400000|  0%| F|  |TAMS 0x0000000604000000| PB 0x0000000604000000| Untracked |  0
|  14|0x0000000604400000, 0x0000000604400000, 0x0000000604800000|  0%| F|  |TAMS 0x0000000604400000| PB 0x0000000604400000| Untracked |  0
|  15|0x0000000604800000, 0x0000000604800000, 0x0000000604c00000|  0%| F|  |TAMS 0x0000000604800000| PB 0x0000000604800000| Untracked |  0
|  16|0x0000000604c00000, 0x0000000604c00000, 0x0000000605000000|  0%| F|  |TAMS 0x0000000604c00000| PB 0x0000000604c00000| Untracked |  0
|  17|0x0000000605000000, 0x0000000605000000, 0x0000000605400000|  0%| F|  |TAMS 0x0000000605000000| PB 0x0000000605000000| Untracked |  0
|  18|0x0000000605400000, 0x0000000605400000, 0x0000000605800000|  0%| F|  |TAMS 0x0000000605400000| PB 0x0000000605400000| Untracked |  0
|  19|0x0000000605800000, 0x0000000605800000, 0x0000000605c00000|  0%| F|  |TAMS 0x0000000605800000| PB 0x0000000605800000| Untracked |  0
|  20|0x0000000605c00000, 0x0000000605c00000, 0x0000000606000000|  0%| F|  |TAMS 0x0000000605c00000| PB 0x0000000605c00000| Untracked |  0
|  21|0x0000000606000000, 0x0000000606000000, 0x0000000606400000|  0%| F|  |TAMS 0x0000000606000000| PB 0x0000000606000000| Untracked |  0
|  22|0x0000000606400000, 0x0000000606400000, 0x0000000606800000|  0%| F|  |TAMS 0x0000000606400000| PB 0x0000000606400000| Untracked |  0
|  23|0x0000000606800000, 0x0000000606800000, 0x0000000606c00000|  0%| F|  |TAMS 0x0000000606800000| PB 0x0000000606800000| Untracked |  0
|  24|0x0000000606c00000, 0x0000000606c00000, 0x0000000607000000|  0%| F|  |TAMS 0x0000000606c00000| PB 0x0000000606c00000| Untracked |  0
|  25|0x0000000607000000, 0x0000000607000000, 0x0000000607400000|  0%| F|  |TAMS 0x0000000607000000| PB 0x0000000607000000| Untracked |  0
|  26|0x0000000607400000, 0x0000000607400000, 0x0000000607800000|  0%| F|  |TAMS 0x0000000607400000| PB 0x0000000607400000| Untracked |  0
|  27|0x0000000607800000, 0x0000000607800000, 0x0000000607c00000|  0%| F|  |TAMS 0x0000000607800000| PB 0x0000000607800000| Untracked |  0
|  28|0x0000000607c00000, 0x0000000607c00000, 0x0000000608000000|  0%| F|  |TAMS 0x0000000607c00000| PB 0x0000000607c00000| Untracked |  0
|  29|0x0000000608000000, 0x0000000608000000, 0x0000000608400000|  0%| F|  |TAMS 0x0000000608000000| PB 0x0000000608000000| Untracked |  0
|  30|0x0000000608400000, 0x0000000608400000, 0x0000000608800000|  0%| F|  |TAMS 0x0000000608400000| PB 0x0000000608400000| Untracked |  0
|  31|0x0000000608800000, 0x0000000608800000, 0x0000000608c00000|  0%| F|  |TAMS 0x0000000608800000| PB 0x0000000608800000| Untracked |  0
|  32|0x0000000608c00000, 0x0000000608c00000, 0x0000000609000000|  0%| F|  |TAMS 0x0000000608c00000| PB 0x0000000608c00000| Untracked |  0
|  33|0x0000000609000000, 0x0000000609000000, 0x0000000609400000|  0%| F|  |TAMS 0x0000000609000000| PB 0x0000000609000000| Untracked |  0
|  34|0x0000000609400000, 0x0000000609400000, 0x0000000609800000|  0%| F|  |TAMS 0x0000000609400000| PB 0x0000000609400000| Untracked |  0
|  35|0x0000000609800000, 0x0000000609800000, 0x0000000609c00000|  0%| F|  |TAMS 0x0000000609800000| PB 0x0000000609800000| Untracked |  0
|  36|0x0000000609c00000, 0x0000000609c00000, 0x000000060a000000|  0%| F|  |TAMS 0x0000000609c00000| PB 0x0000000609c00000| Untracked |  0
|  37|0x000000060a000000, 0x000000060a000000, 0x000000060a400000|  0%| F|  |TAMS 0x000000060a000000| PB 0x000000060a000000| Untracked |  0
|  38|0x000000060a400000, 0x000000060a400000, 0x000000060a800000|  0%| F|  |TAMS 0x000000060a400000| PB 0x000000060a400000| Untracked |  0
|  39|0x000000060a800000, 0x000000060a800000, 0x000000060ac00000|  0%| F|  |TAMS 0x000000060a800000| PB 0x000000060a800000| Untracked |  0
|  40|0x000000060ac00000, 0x000000060ac00000, 0x000000060b000000|  0%| F|  |TAMS 0x000000060ac00000| PB 0x000000060ac00000| Untracked |  0
|  41|0x000000060b000000, 0x000000060b000000, 0x000000060b400000|  0%| F|  |TAMS 0x000000060b000000| PB 0x000000060b000000| Untracked |  0
|  42|0x000000060b400000, 0x000000060b400000, 0x000000060b800000|  0%| F|  |TAMS 0x000000060b400000| PB 0x000000060b400000| Untracked |  0
|  43|0x000000060b800000, 0x000000060b800000, 0x000000060bc00000|  0%| F|  |TAMS 0x000000060b800000| PB 0x000000060b800000| Untracked |  0
|  44|0x000000060bc00000, 0x000000060bc00000, 0x000000060c000000|  0%| F|  |TAMS 0x000000060bc00000| PB 0x000000060bc00000| Untracked |  0
|  45|0x000000060c000000, 0x000000060c000000, 0x000000060c400000|  0%| F|  |TAMS 0x000000060c000000| PB 0x000000060c000000| Untracked |  0
|  46|0x000000060c400000, 0x000000060c400000, 0x000000060c800000|  0%| F|  |TAMS 0x000000060c400000| PB 0x000000060c400000| Untracked |  0
|  47|0x000000060c800000, 0x000000060c800000, 0x000000060cc00000|  0%| F|  |TAMS 0x000000060c800000| PB 0x000000060c800000| Untracked |  0
|  48|0x000000060cc00000, 0x000000060cc00000, 0x000000060d000000|  0%| F|  |TAMS 0x000000060cc00000| PB 0x000000060cc00000| Untracked |  0
|  49|0x000000060d000000, 0x000000060d000000, 0x000000060d400000|  0%| F|  |TAMS 0x000000060d000000| PB 0x000000060d000000| Untracked |  0
|  50|0x000000060d400000, 0x000000060d400000, 0x000000060d800000|  0%| F|  |TAMS 0x000000060d400000| PB 0x000000060d400000| Untracked |  0
|  51|0x000000060d800000, 0x000000060d800000, 0x000000060dc00000|  0%| F|  |TAMS 0x000000060d800000| PB 0x000000060d800000| Untracked |  0
|  52|0x000000060dc00000, 0x000000060dc00000, 0x000000060e000000|  0%| F|  |TAMS 0x000000060dc00000| PB 0x000000060dc00000| Untracked |  0
|  53|0x000000060e000000, 0x000000060e000000, 0x000000060e400000|  0%| F|  |TAMS 0x000000060e000000| PB 0x000000060e000000| Untracked |  0
|  54|0x000000060e400000, 0x000000060e400000, 0x000000060e800000|  0%| F|  |TAMS 0x000000060e400000| PB 0x000000060e400000| Untracked |  0
|  55|0x000000060e800000, 0x000000060e800000, 0x000000060ec00000|  0%| F|  |TAMS 0x000000060e800000| PB 0x000000060e800000| Untracked |  0
|  56|0x000000060ec00000, 0x000000060ec00000, 0x000000060f000000|  0%| F|  |TAMS 0x000000060ec00000| PB 0x000000060ec00000| Untracked |  0
|  57|0x000000060f000000, 0x000000060f000000, 0x000000060f400000|  0%| F|  |TAMS 0x000000060f000000| PB 0x000000060f000000| Untracked |  0
|  58|0x000000060f400000, 0x000000060f400000, 0x000000060f800000|  0%| F|  |TAMS 0x000000060f400000| PB 0x000000060f400000| Untracked |  0
|  59|0x000000060f800000, 0x000000060f800000, 0x000000060fc00000|  0%| F|  |TAMS 0x000000060f800000| PB 0x000000060f800000| Untracked |  0
|  60|0x000000060fc00000, 0x000000060fc00000, 0x0000000610000000|  0%| F|  |TAMS 0x000000060fc00000| PB 0x000000060fc00000| Untracked |  0
|  61|0x0000000610000000, 0x0000000610000000, 0x0000000610400000|  0%| F|  |TAMS 0x0000000610000000| PB 0x0000000610000000| Untracked |  0
|  62|0x0000000610400000, 0x0000000610400000, 0x0000000610800000|  0%| F|  |TAMS 0x0000000610400000| PB 0x0000000610400000| Untracked |  0
|  63|0x0000000610800000, 0x0000000610800000, 0x0000000610c00000|  0%| F|  |TAMS 0x0000000610800000| PB 0x0000000610800000| Untracked |  0
|  64|0x0000000610c00000, 0x0000000610c00000, 0x0000000611000000|  0%| F|  |TAMS 0x0000000610c00000| PB 0x0000000610c00000| Untracked |  0
|  65|0x0000000611000000, 0x0000000611000000, 0x0000000611400000|  0%| F|  |TAMS 0x0000000611000000| PB 0x0000000611000000| Untracked |  0
|  66|0x0000000611400000, 0x0000000611400000, 0x0000000611800000|  0%| F|  |TAMS 0x0000000611400000| PB 0x0000000611400000| Untracked |  0
|  67|0x0000000611800000, 0x0000000611800000, 0x0000000611c00000|  0%| F|  |TAMS 0x0000000611800000| PB 0x0000000611800000| Untracked |  0
|  68|0x0000000611c00000, 0x0000000611c00000, 0x0000000612000000|  0%| F|  |TAMS 0x0000000611c00000| PB 0x0000000611c00000| Untracked |  0
|  69|0x0000000612000000, 0x0000000612000000, 0x0000000612400000|  0%| F|  |TAMS 0x0000000612000000| PB 0x0000000612000000| Untracked |  0
|  70|0x0000000612400000, 0x0000000612400000, 0x0000000612800000|  0%| F|  |TAMS 0x0000000612400000| PB 0x0000000612400000| Untracked |  0
|  71|0x0000000612800000, 0x0000000612800000, 0x0000000612c00000|  0%| F|  |TAMS 0x0000000612800000| PB 0x0000000612800000| Untracked |  0
|  72|0x0000000612c00000, 0x0000000612c00000, 0x0000000613000000|  0%| F|  |TAMS 0x0000000612c00000| PB 0x0000000612c00000| Untracked |  0
|  73|0x0000000613000000, 0x0000000613000000, 0x0000000613400000|  0%| F|  |TAMS 0x0000000613000000| PB 0x0000000613000000| Untracked |  0
|  74|0x0000000613400000, 0x0000000613400000, 0x0000000613800000|  0%| F|  |TAMS 0x0000000613400000| PB 0x0000000613400000| Untracked |  0
|  75|0x0000000613800000, 0x0000000613800000, 0x0000000613c00000|  0%| F|  |TAMS 0x0000000613800000| PB 0x0000000613800000| Untracked |  0
|  76|0x0000000613c00000, 0x0000000613c00000, 0x0000000614000000|  0%| F|  |TAMS 0x0000000613c00000| PB 0x0000000613c00000| Untracked |  0
|  77|0x0000000614000000, 0x0000000614000000, 0x0000000614400000|  0%| F|  |TAMS 0x0000000614000000| PB 0x0000000614000000| Untracked |  0
|  78|0x0000000614400000, 0x0000000614400000, 0x0000000614800000|  0%| F|  |TAMS 0x0000000614400000| PB 0x0000000614400000| Untracked |  0
|  79|0x0000000614800000, 0x0000000614800000, 0x0000000614c00000|  0%| F|  |TAMS 0x0000000614800000| PB 0x0000000614800000| Untracked |  0
|  80|0x0000000614c00000, 0x0000000614c00000, 0x0000000615000000|  0%| F|  |TAMS 0x0000000614c00000| PB 0x0000000614c00000| Untracked |  0
|  81|0x0000000615000000, 0x0000000615000000, 0x0000000615400000|  0%| F|  |TAMS 0x0000000615000000| PB 0x0000000615000000| Untracked |  0
|  82|0x0000000615400000, 0x0000000615400000, 0x0000000615800000|  0%| F|  |TAMS 0x0000000615400000| PB 0x0000000615400000| Untracked |  0
|  83|0x0000000615800000, 0x0000000615800000, 0x0000000615c00000|  0%| F|  |TAMS 0x0000000615800000| PB 0x0000000615800000| Untracked |  0
|  84|0x0000000615c00000, 0x0000000615c00000, 0x0000000616000000|  0%| F|  |TAMS 0x0000000615c00000| PB 0x0000000615c00000| Untracked |  0
|  85|0x0000000616000000, 0x0000000616000000, 0x0000000616400000|  0%| F|  |TAMS 0x0000000616000000| PB 0x0000000616000000| Untracked |  0
|  86|0x0000000616400000, 0x0000000616400000, 0x0000000616800000|  0%| F|  |TAMS 0x0000000616400000| PB 0x0000000616400000| Untracked |  0
|  87|0x0000000616800000, 0x0000000616800000, 0x0000000616c00000|  0%| F|  |TAMS 0x0000000616800000| PB 0x0000000616800000| Untracked |  0
|  88|0x0000000616c00000, 0x0000000616c00000, 0x0000000617000000|  0%| F|  |TAMS 0x0000000616c00000| PB 0x0000000616c00000| Untracked |  0
|  89|0x0000000617000000, 0x0000000617000000, 0x0000000617400000|  0%| F|  |TAMS 0x0000000617000000| PB 0x0000000617000000| Untracked |  0
|  90|0x0000000617400000, 0x0000000617400000, 0x0000000617800000|  0%| F|  |TAMS 0x0000000617400000| PB 0x0000000617400000| Untracked |  0
|  91|0x0000000617800000, 0x0000000617800000, 0x0000000617c00000|  0%| F|  |TAMS 0x0000000617800000| PB 0x0000000617800000| Untracked |  0
|  92|0x0000000617c00000, 0x0000000617c00000, 0x0000000618000000|  0%| F|  |TAMS 0x0000000617c00000| PB 0x0000000617c00000| Untracked |  0
|  93|0x0000000618000000, 0x0000000618000000, 0x0000000618400000|  0%| F|  |TAMS 0x0000000618000000| PB 0x0000000618000000| Untracked |  0
|  94|0x0000000618400000, 0x0000000618400000, 0x0000000618800000|  0%| F|  |TAMS 0x0000000618400000| PB 0x0000000618400000| Untracked |  0
|  95|0x0000000618800000, 0x0000000618800000, 0x0000000618c00000|  0%| F|  |TAMS 0x0000000618800000| PB 0x0000000618800000| Untracked |  0
|  96|0x0000000618c00000, 0x0000000618c00000, 0x0000000619000000|  0%| F|  |TAMS 0x0000000618c00000| PB 0x0000000618c00000| Untracked |  0
|  97|0x0000000619000000, 0x0000000619000000, 0x0000000619400000|  0%| F|  |TAMS 0x0000000619000000| PB 0x0000000619000000| Untracked |  0
|  98|0x0000000619400000, 0x0000000619400000, 0x0000000619800000|  0%| F|  |TAMS 0x0000000619400000| PB 0x0000000619400000| Untracked |  0
|  99|0x0000000619800000, 0x0000000619800000, 0x0000000619c00000|  0%| F|  |TAMS 0x0000000619800000| PB 0x0000000619800000| Untracked |  0
| 100|0x0000000619c00000, 0x0000000619c00000, 0x000000061a000000|  0%| F|  |TAMS 0x0000000619c00000| PB 0x0000000619c00000| Untracked |  0
| 101|0x000000061a000000, 0x000000061a000000, 0x000000061a400000|  0%| F|  |TAMS 0x000000061a000000| PB 0x000000061a000000| Untracked |  0
| 102|0x000000061a400000, 0x000000061a400000, 0x000000061a800000|  0%| F|  |TAMS 0x000000061a400000| PB 0x000000061a400000| Untracked |  0
| 103|0x000000061a800000, 0x000000061a800000, 0x000000061ac00000|  0%| F|  |TAMS 0x000000061a800000| PB 0x000000061a800000| Untracked |  0
| 104|0x000000061ac00000, 0x000000061ac00000, 0x000000061b000000|  0%| F|  |TAMS 0x000000061ac00000| PB 0x000000061ac00000| Untracked |  0
| 105|0x000000061b000000, 0x000000061b000000, 0x000000061b400000|  0%| F|  |TAMS 0x000000061b000000| PB 0x000000061b000000| Untracked |  0
| 106|0x000000061b400000, 0x000000061b400000, 0x000000061b800000|  0%| F|  |TAMS 0x000000061b400000| PB 0x000000061b400000| Untracked |  0
| 107|0x000000061b800000, 0x000000061b800000, 0x000000061bc00000|  0%| F|  |TAMS 0x000000061b800000| PB 0x000000061b800000| Untracked |  0
| 108|0x000000061bc00000, 0x000000061bc00000, 0x000000061c000000|  0%| F|  |TAMS 0x000000061bc00000| PB 0x000000061bc00000| Untracked |  0
| 109|0x000000061c000000, 0x000000061c000000, 0x000000061c400000|  0%| F|  |TAMS 0x000000061c000000| PB 0x000000061c000000| Untracked |  0
| 110|0x000000061c400000, 0x000000061c400000, 0x000000061c800000|  0%| F|  |TAMS 0x000000061c400000| PB 0x000000061c400000| Untracked |  0
| 111|0x000000061c800000, 0x000000061c800000, 0x000000061cc00000|  0%| F|  |TAMS 0x000000061c800000| PB 0x000000061c800000| Untracked |  0
| 112|0x000000061cc00000, 0x000000061cc00000, 0x000000061d000000|  0%| F|  |TAMS 0x000000061cc00000| PB 0x000000061cc00000| Untracked |  0
| 113|0x000000061d000000, 0x000000061d000000, 0x000000061d400000|  0%| F|  |TAMS 0x000000061d000000| PB 0x000000061d000000| Untracked |  0
| 114|0x000000061d400000, 0x000000061d400000, 0x000000061d800000|  0%| F|  |TAMS 0x000000061d400000| PB 0x000000061d400000| Untracked |  0
| 115|0x000000061d800000, 0x000000061d800000, 0x000000061dc00000|  0%| F|  |TAMS 0x000000061d800000| PB 0x000000061d800000| Untracked |  0
| 116|0x000000061dc00000, 0x000000061dc00000, 0x000000061e000000|  0%| F|  |TAMS 0x000000061dc00000| PB 0x000000061dc00000| Untracked |  0
| 117|0x000000061e000000, 0x000000061e000000, 0x000000061e400000|  0%| F|  |TAMS 0x000000061e000000| PB 0x000000061e000000| Untracked |  0
| 118|0x000000061e400000, 0x000000061e400000, 0x000000061e800000|  0%| F|  |TAMS 0x000000061e400000| PB 0x000000061e400000| Untracked |  0
| 119|0x000000061e800000, 0x000000061e800000, 0x000000061ec00000|  0%| F|  |TAMS 0x000000061e800000| PB 0x000000061e800000| Untracked |  0
| 120|0x000000061ec00000, 0x000000061ec00000, 0x000000061f000000|  0%| F|  |TAMS 0x000000061ec00000| PB 0x000000061ec00000| Untracked |  0
| 121|0x000000061f000000, 0x000000061f000000, 0x000000061f400000|  0%| F|  |TAMS 0x000000061f000000| PB 0x000000061f000000| Untracked |  0
| 122|0x000000061f400000, 0x000000061f400000, 0x000000061f800000|  0%| F|  |TAMS 0x000000061f400000| PB 0x000000061f400000| Untracked |  0
| 123|0x000000061f800000, 0x000000061f800000, 0x000000061fc00000|  0%| F|  |TAMS 0x000000061f800000| PB 0x000000061f800000| Untracked |  0
| 124|0x000000061fc00000, 0x000000061fc00000, 0x0000000620000000|  0%| F|  |TAMS 0x000000061fc00000| PB 0x000000061fc00000| Untracked |  0
| 125|0x0000000620000000, 0x0000000620000000, 0x0000000620400000|  0%| F|  |TAMS 0x0000000620000000| PB 0x0000000620000000| Untracked |  0
| 126|0x0000000620400000, 0x0000000620681488, 0x0000000620800000| 62%| E|  |TAMS 0x0000000620400000| PB 0x0000000620400000| Complete |  0
| 127|0x0000000620800000, 0x0000000620c00000, 0x0000000620c00000|100%| E|CS|TAMS 0x0000000620800000| PB 0x0000000620800000| Complete |  0

Card table byte_map: [0x0000028bf1240000,0x0000028bf2240000] _byte_map_base: 0x0000028bee23a000

Marking Bits: (CMBitMap*) 0x0000028bd8218c70
 Bits: [0x0000028bf2240000, 0x0000028bfa210000)

Polling page: 0x0000028bd6020000

Metaspace:

Usage:
  Non-class:      2.06 MB used.
      Class:    161.31 KB used.
       Both:      2.22 MB used.

Virtual space:
  Non-class space:       64.00 MB reserved,       2.19 MB (  3%) committed,  1 nodes.
      Class space:        1.00 GB reserved,     256.00 KB ( <1%) committed,  1 nodes.
             Both:        1.06 GB reserved,       2.44 MB ( <1%) committed. 

Chunk freelists:
   Non-Class:  10.97 MB
       Class:  15.66 MB
        Both:  26.62 MB

MaxMetaspaceSize: unlimited
CompressedClassSpaceSize: 1.00 GB
Initial GC threshold: 21.00 MB
Current GC threshold: 21.00 MB
CDS: on
 - commit_granule_bytes: 65536.
 - commit_granule_words: 8192.
 - virtual_space_node_default_size: 8388608.
 - enlarge_chunks_in_place: 1.
 - use_allocation_guard: 0.


Internal statistics:

num_allocs_failed_limit: 0.
num_arena_births: 60.
num_arena_deaths: 0.
num_vsnodes_births: 2.
num_vsnodes_deaths: 0.
num_space_committed: 39.
num_space_uncommitted: 0.
num_chunks_returned_to_freelist: 0.
num_chunks_taken_from_freelist: 119.
num_chunk_merges: 0.
num_chunk_splits: 74.
num_chunks_enlarged: 52.
num_inconsistent_stats: 0.

CodeHeap 'non-profiled nmethods': size=119232Kb used=125Kb max_used=125Kb free=119106Kb
 bounds [0x0000028be8430000, 0x0000028be86a0000, 0x0000028bef8a0000]
CodeHeap 'profiled nmethods': size=119104Kb used=465Kb max_used=465Kb free=118638Kb
 bounds [0x0000028be08a0000, 0x0000028be0b10000, 0x0000028be7cf0000]
CodeHeap 'non-nmethods': size=7424Kb used=1969Kb max_used=1984Kb free=5454Kb
 bounds [0x0000028be7cf0000, 0x0000028be7f60000, 0x0000028be8430000]
CodeCache: size=245760Kb, used=2559Kb, max_used=2574Kb, free=243198Kb
 total_blobs=900, nmethods=442, adapters=363, full_count=0
Compilation: enabled, stopped_count=0, restarted_count=0

Compilation events (20 events):
Event: 0.175 Thread 0x0000028bfa4a2630  431       1       jdk.internal.loader.URLClassPath$Loader::getBaseURL (5 bytes)
Event: 0.175 Thread 0x0000028bc10ed2a0  434       3       java.lang.StringConcatHelper::newString (67 bytes)
Event: 0.175 Thread 0x0000028bfa4a2630 nmethod 431 0x0000028be844ea08 code [0x0000028be844eb20, 0x0000028be844ebf0]
Event: 0.175 Thread 0x0000028bfa4a2630  435       3       java.util.Objects::checkIndex (7 bytes)
Event: 0.175 Thread 0x0000028bfa4a2630 nmethod 435 0x0000028be0911b08 code [0x0000028be0911c20, 0x0000028be0911d58]
Event: 0.175 Thread 0x0000028bfa4a2630  436   !   3       java.lang.ref.ReferenceQueue::poll (40 bytes)
Event: 0.175 Thread 0x0000028bc10ed2a0 nmethod 434 0x0000028be0911e08 code [0x0000028be0912000, 0x0000028be0912a50]
Event: 0.175 Thread 0x0000028bc10ed2a0  437       3       java.util.ArrayList::get (15 bytes)
Event: 0.175 Thread 0x0000028bfa4a2630 nmethod 436 0x0000028be0912b08 code [0x0000028be0912ce0, 0x0000028be0913760]
Event: 0.175 Thread 0x0000028bfa4a2630  438       3       java.util.ArrayList::elementData (7 bytes)
Event: 0.175 Thread 0x0000028bc10ed2a0 nmethod 437 0x0000028be0913808 code [0x0000028be0913940, 0x0000028be0913ba0]
Event: 0.175 Thread 0x0000028bfa493f30  440       4       java.lang.AbstractStringBuilder::ensureCapacityInternal (39 bytes)
Event: 0.175 Thread 0x0000028bc10ed2a0  439       1       java.security.CodeSource::getLocation (5 bytes)
Event: 0.175 Thread 0x0000028bfa4a2630 nmethod 438 0x0000028be0913c08 code [0x0000028be0913d20, 0x0000028be0913e60]
Event: 0.175 Thread 0x0000028bc10ed2a0 nmethod 439 0x0000028be844ed08 code [0x0000028be844ee20, 0x0000028be844eef0]
Event: 0.177 Thread 0x0000028bfa493f30 nmethod 440 0x0000028be844f008 code [0x0000028be844f120, 0x0000028be844f5b8]
Event: 0.177 Thread 0x0000028bc10ed2a0  441       3       jdk.internal.jimage.ImageStringsReader::hashCode (33 bytes)
Event: 0.177 Thread 0x0000028bc10ed2a0 nmethod 441 0x0000028be0913f08 code [0x0000028be0914040, 0x0000028be09141c0]
Event: 0.177 Thread 0x0000028bc10ed2a0  442       3       java.util.Optional::empty (6 bytes)
Event: 0.177 Thread 0x0000028bc10ed2a0 nmethod 442 0x0000028be0914208 code [0x0000028be0914320, 0x0000028be0914418]

GC Heap History (0 events):
No events

Dll operation events (8 events):
Event: 0.005 Loaded shared library C:\Program Files\Java\jdk-23\bin\java.dll
Event: 0.023 Loaded shared library C:\Program Files\Java\jdk-23\bin\jsvml.dll
Event: 0.088 Loaded shared library C:\Program Files\Java\jdk-23\bin\net.dll
Event: 0.089 Loaded shared library C:\Program Files\Java\jdk-23\bin\nio.dll
Event: 0.092 Loaded shared library C:\Program Files\Java\jdk-23\bin\zip.dll
Event: 0.109 Loaded shared library C:\Program Files\Java\jdk-23\bin\verify.dll
Event: 0.139 Loaded shared library C:\Program Files\Java\jdk-23\bin\jimage.dll
Event: 0.153 Loaded shared library C:\Users\buian\AppData\Local\Temp\lwjglbuian\3.3.1-build-7\lwjgl.dll

Deoptimization events (4 events):
Event: 0.119 Thread 0x0000028bd5d22fa0 Uncommon trap: trap_request=0xffffff45 fr.pc=0x0000028be84369ac relative=0x000000000000026c
Event: 0.119 Thread 0x0000028bd5d22fa0 Uncommon trap: reason=unstable_if action=reinterpret pc=0x0000028be84369ac method=jdk.internal.util.ArraysSupport.hashCodeOfUnsigned([BIII)I @ 1 c2
Event: 0.119 Thread 0x0000028bd5d22fa0 DEOPT PACKING pc=0x0000028be84369ac sp=0x000000ff8f8fb840
Event: 0.119 Thread 0x0000028bd5d22fa0 DEOPT UNPACKING pc=0x0000028be7d44402 sp=0x000000ff8f8fb700 mode 2

Classes loaded (20 events):
Event: 0.155 Loading class java/nio/DirectDoubleBufferU
Event: 0.155 Loading class java/nio/DirectDoubleBufferU done
Event: 0.155 Loading class sun/misc/Unsafe
Event: 0.156 Loading class sun/misc/Unsafe done
Event: 0.156 Loading class sun/misc/Unsafe$MemoryAccessOption
Event: 0.156 Loading class sun/misc/Unsafe$MemoryAccessOption done
Event: 0.156 Loading class java/lang/invoke/DirectMethodHandle$StaticAccessor
Event: 0.156 Loading class java/lang/invoke/DirectMethodHandle$StaticAccessor done
Event: 0.158 Loading class java/util/function/LongPredicate
Event: 0.158 Loading class java/util/function/LongPredicate done
Event: 0.159 Loading class java/lang/foreign/MemorySegment
Event: 0.159 Loading class java/lang/foreign/MemorySegment done
Event: 0.161 Loading class java/nio/InvalidMarkException
Event: 0.162 Loading class java/nio/InvalidMarkException done
Event: 0.162 Loading class java/nio/BufferUnderflowException
Event: 0.162 Loading class java/nio/BufferUnderflowException done
Event: 0.175 Loading class java/lang/NoSuchFieldError
Event: 0.175 Loading class java/lang/NoSuchFieldError done
Event: 0.177 Loading class jdk/internal/reflect/MethodHandleIntegerFieldAccessorImpl
Event: 0.178 Loading class jdk/internal/reflect/MethodHandleIntegerFieldAccessorImpl done

Classes unloaded (0 events):
No events

Classes redefined (0 events):
No events

Internal exceptions (17 events):
Event: 0.131 Thread 0x0000028bd5d22fa0 Exception <a 'java/lang/NoSuchMethodError'{0x00000006204bb370}: 'void java.lang.invoke.DirectMethodHandle$Holder.invokeStatic(java.lang.Object, java.lang.Object)'> (0x00000006204bb370) 
thrown [s\open\src\hotspot\share\interpreter\linkResolver.cpp, line 796]
Event: 0.131 Thread 0x0000028bd5d22fa0 Exception <a 'java/lang/NoSuchMethodError'{0x00000006204c0b20}: 'void java.lang.System.load(java.lang.String, java.lang.Class)'> (0x00000006204c0b20) 
thrown [s\open\src\hotspot\share\interpreter\linkResolver.cpp, line 796]
Event: 0.131 Thread 0x0000028bd5d22fa0 Exception <a 'java/lang/NoSuchMethodError'{0x00000006204c17f0}: 'void java.lang.invoke.DirectMethodHandle$Holder.invokeSpecial(java.lang.Object, java.lang.Object, java.lang.Object)'> (0x00000006204c17f0) 
thrown [s\open\src\hotspot\share\interpreter\linkResolver.cpp, line 796]
Event: 0.133 Thread 0x0000028bd5d22fa0 Exception <a 'java/lang/NoSuchMethodError'{0x00000006204d3fa8}: 'java.lang.Object java.lang.invoke.DirectMethodHandle$Holder.invokeStatic(java.lang.Object, java.lang.Object, int)'> (0x00000006204d3fa8) 
thrown [s\open\src\hotspot\share\interpreter\linkResolver.cpp, line 796]
Event: 0.134 Thread 0x0000028bd5d22fa0 Exception <a 'java/lang/NoSuchMethodError'{0x00000006204df850}: 'void java.lang.invoke.DelegatingMethodHandle$Holder.delegate(java.lang.Object, java.lang.Object, int, java.lang.Object)'> (0x00000006204df850) 
thrown [s\open\src\hotspot\share\interpreter\linkResolver.cpp, line 796]
Event: 0.134 Thread 0x0000028bd5d22fa0 Exception <a 'java/lang/NoSuchMethodError'{0x00000006204e3880}: 'int java.lang.invoke.DirectMethodHandle$Holder.invokeSpecial(java.lang.Object, java.lang.Object, java.lang.Object)'> (0x00000006204e3880) 
thrown [s\open\src\hotspot\share\interpreter\linkResolver.cpp, line 796]
Event: 0.136 Thread 0x0000028bd5d22fa0 Exception <a 'java/lang/NoSuchMethodError'{0x00000006204fe658}: 'void java.lang.System.loadLibrary(java.lang.String, java.lang.Class)'> (0x00000006204fe658) 
thrown [s\open\src\hotspot\share\interpreter\linkResolver.cpp, line 796]
Event: 0.152 Thread 0x0000028bd5d22fa0 Exception <a 'sun/nio/fs/WindowsException'{0x0000000620546470}> (0x0000000620546470) 
thrown [s\open\src\hotspot\share\prims\jni.cpp, line 520]
Event: 0.152 Thread 0x0000028bd5d22fa0 Exception <a 'sun/nio/fs/WindowsException'{0x00000006205469c0}> (0x00000006205469c0) 
thrown [s\open\src\hotspot\share\prims\jni.cpp, line 520]
Event: 0.158 Thread 0x0000028bd5d22fa0 Exception <a 'java/lang/NoSuchMethodError'{0x000000062057c730}: 'int java.lang.invoke.DirectMethodHandle$Holder.invokeStaticInit(java.lang.Object, java.lang.Object, int, long)'> (0x000000062057c730) 
thrown [s\open\src\hotspot\share\interpreter\linkResolver.cpp, line 796]
Event: 0.159 Thread 0x0000028bd5d22fa0 Exception <a 'java/lang/NoSuchMethodError'{0x0000000620581868}: 'java.lang.Object java.lang.invoke.DirectMethodHandle$Holder.newInvokeSpecial(java.lang.Object, java.lang.Object, int)'> (0x0000000620581868) 
thrown [s\open\src\hotspot\share\interpreter\linkResolver.cpp, line 796]
Event: 0.160 Thread 0x0000028bd5d22fa0 Exception <a 'java/lang/NoSuchMethodError'{0x000000062058fe18}: 'int java.lang.invoke.DirectMethodHandle$Holder.invokeStaticInit(java.lang.Object, java.lang.Object, long, long)'> (0x000000062058fe18) 
thrown [s\open\src\hotspot\share\interpreter\linkResolver.cpp, line 796]
Event: 0.160 Thread 0x0000028bd5d22fa0 Exception <a 'java/lang/NoSuchMethodError'{0x00000006205958e8}: 'java.lang.Object java.lang.invoke.DirectMethodHandle$Holder.newInvokeSpecial(java.lang.Object, java.lang.Object, long)'> (0x00000006205958e8) 
thrown [s\open\src\hotspot\share\interpreter\linkResolver.cpp, line 796]
Event: 0.160 Thread 0x0000028bd5d22fa0 Exception <a 'java/lang/NoSuchMethodError'{0x00000006205997a8}: 'java.lang.Object java.lang.invoke.Invokers$Holder.linkToTargetMethod(java.lang.Object, long, java.lang.Object)'> (0x00000006205997a8) 
thrown [s\open\src\hotspot\share\interpreter\linkResolver.cpp, line 796]
Event: 0.161 Thread 0x0000028bd5d22fa0 Exception <a 'java/lang/NoSuchMethodError'{0x00000006205a0a38}: 'int java.lang.invoke.DirectMethodHandle$Holder.invokeStaticInit(java.lang.Object, java.lang.Object, java.lang.Object, long)'> (0x00000006205a0a38) 
thrown [s\open\src\hotspot\share\interpreter\linkResolver.cpp, line 796]
Event: 0.174 Thread 0x0000028bd5d22fa0 Exception <a 'sun/nio/fs/WindowsException'{0x000000062063a720}> (0x000000062063a720) 
thrown [s\open\src\hotspot\share\prims\jni.cpp, line 520]
Event: 0.174 Thread 0x0000028bd5d22fa0 Exception <a 'sun/nio/fs/WindowsException'{0x000000062063aa80}> (0x000000062063aa80) 
thrown [s\open\src\hotspot\share\prims\jni.cpp, line 520]

VM Operations (4 events):
Event: 0.092 Executing VM operation: HandshakeAllThreads (Deoptimize)
Event: 0.092 Executing VM operation: HandshakeAllThreads (Deoptimize) done
Event: 0.102 Executing VM operation: ChangeBreakpoints
Event: 0.103 Executing VM operation: ChangeBreakpoints done

Memory protections (0 events):
No events

Nmethod flushes (0 events):
No events

Events (15 events):
Event: 0.014 Thread 0x0000028bd5d22fa0 Thread added: 0x0000028bd5d22fa0
Event: 0.022 Thread 0x0000028bd5d22fa0 Thread added: 0x0000028bfa489aa0
Event: 0.022 Thread 0x0000028bd5d22fa0 Thread added: 0x0000028bfa48ab10
Event: 0.022 Thread 0x0000028bd5d22fa0 Thread added: 0x0000028bfa48bd60
Event: 0.022 Thread 0x0000028bd5d22fa0 Thread added: 0x0000028bfa48eb20
Event: 0.022 Thread 0x0000028bd5d22fa0 Thread added: 0x0000028bfa49ca00
Event: 0.022 Thread 0x0000028bd5d22fa0 Thread added: 0x0000028bfa49d590
Event: 0.022 Thread 0x0000028bd5d22fa0 Thread added: 0x0000028bfa493f30
Event: 0.022 Thread 0x0000028bd5d22fa0 Thread added: 0x0000028bfa4a2630
Event: 0.023 Thread 0x0000028bfa4a2630 Thread added: 0x0000028bc10ed2a0
Event: 0.038 Thread 0x0000028bd5d22fa0 Thread added: 0x0000028bc1211d60
Event: 0.038 Thread 0x0000028bd5d22fa0 Thread added: 0x0000028bc12116d0
Event: 0.038 Thread 0x0000028bc1211d60 Thread added: 0x0000028bc1213110
Event: 0.082 Thread 0x0000028bd5d22fa0 Thread added: 0x0000028bc121c600
Event: 0.085 Thread 0x0000028bd5d22fa0 Thread added: 0x0000028bc1225000


Dynamic libraries:
0x00007ff627300000 - 0x00007ff627310000 	C:\Program Files\Java\jdk-23\bin\java.exe
0x00007ff8c1ed0000 - 0x00007ff8c20e7000 	C:\WINDOWS\SYSTEM32\ntdll.dll
0x00007ff8bfc30000 - 0x00007ff8bfcf4000 	C:\WINDOWS\System32\KERNEL32.DLL
0x00007ff8bf4b0000 - 0x00007ff8bf869000 	C:\WINDOWS\System32\KERNELBASE.dll
0x00007ff8bf870000 - 0x00007ff8bf981000 	C:\WINDOWS\System32\ucrtbase.dll
0x00007ff8989d0000 - 0x00007ff8989e7000 	C:\Program Files\Java\jdk-23\bin\jli.dll
0x00007ff8989b0000 - 0x00007ff8989cb000 	C:\Program Files\Java\jdk-23\bin\VCRUNTIME140.dll
0x00007ff8c02f0000 - 0x00007ff8c049e000 	C:\WINDOWS\System32\USER32.dll
0x00007ff8bf990000 - 0x00007ff8bf9b6000 	C:\WINDOWS\System32\win32u.dll
0x00007ff8a99f0000 - 0x00007ff8a9c82000 	C:\WINDOWS\WinSxS\amd64_microsoft.windows.common-controls_6595b64144ccf1df_6.0.22621.4391_none_2715d37f73803e96\COMCTL32.dll
0x00007ff8bfc00000 - 0x00007ff8bfc29000 	C:\WINDOWS\System32\GDI32.dll
0x00007ff8c0680000 - 0x00007ff8c0727000 	C:\WINDOWS\System32\msvcrt.dll
0x00007ff8bf390000 - 0x00007ff8bf4ab000 	C:\WINDOWS\System32\gdi32full.dll
0x00007ff8bf250000 - 0x00007ff8bf2ea000 	C:\WINDOWS\System32\msvcp_win.dll
0x00007ff8c1ca0000 - 0x00007ff8c1cd1000 	C:\WINDOWS\System32\IMM32.DLL
0x00007ff8b8c90000 - 0x00007ff8b8c9c000 	C:\Program Files\Java\jdk-23\bin\vcruntime140_1.dll
0x00007ff837df0000 - 0x00007ff837e7e000 	C:\Program Files\Java\jdk-23\bin\msvcp140.dll
0x00007ff80af40000 - 0x00007ff80bc8f000 	C:\Program Files\Java\jdk-23\bin\server\jvm.dll
0x00007ff8c19b0000 - 0x00007ff8c1a62000 	C:\WINDOWS\System32\ADVAPI32.dll
0x00007ff8c04a0000 - 0x00007ff8c0547000 	C:\WINDOWS\System32\sechost.dll
0x00007ff8bf360000 - 0x00007ff8bf388000 	C:\WINDOWS\System32\bcrypt.dll
0x00007ff8c1d70000 - 0x00007ff8c1e84000 	C:\WINDOWS\System32\RPCRT4.dll
0x00007ff8c0ce0000 - 0x00007ff8c0d51000 	C:\WINDOWS\System32\WS2_32.dll
0x00007ff8be060000 - 0x00007ff8be0ad000 	C:\WINDOWS\SYSTEM32\POWRPROF.dll
0x00007ff8ba770000 - 0x00007ff8ba7a4000 	C:\WINDOWS\SYSTEM32\WINMM.dll
0x00007ff8b5760000 - 0x00007ff8b576a000 	C:\WINDOWS\SYSTEM32\VERSION.dll
0x00007ff8be040000 - 0x00007ff8be053000 	C:\WINDOWS\SYSTEM32\UMPDC.dll
0x00007ff8be300000 - 0x00007ff8be318000 	C:\WINDOWS\SYSTEM32\kernel.appcore.dll
0x00007ff8abf80000 - 0x00007ff8abf8a000 	C:\Program Files\Java\jdk-23\bin\jimage.dll
0x00007ff8bc830000 - 0x00007ff8bca62000 	C:\WINDOWS\SYSTEM32\DBGHELP.DLL
0x00007ff8c0840000 - 0x00007ff8c0bcf000 	C:\WINDOWS\System32\combase.dll
0x00007ff8c16b0000 - 0x00007ff8c1787000 	C:\WINDOWS\System32\OLEAUT32.dll
0x00007ff8a7030000 - 0x00007ff8a7062000 	C:\WINDOWS\SYSTEM32\dbgcore.DLL
0x00007ff8bf1d0000 - 0x00007ff8bf24b000 	C:\WINDOWS\System32\bcryptPrimitives.dll
0x00007ff8387d0000 - 0x00007ff83880c000 	C:\Program Files\Java\jdk-23\bin\jdwp.dll
0x00007ff8714e0000 - 0x00007ff8714fe000 	C:\Program Files\Java\jdk-23\bin\java.dll
0x00007ff8c1ad0000 - 0x00007ff8c1c75000 	C:\WINDOWS\System32\ole32.dll
0x00007ff8c0d80000 - 0x00007ff8c15f6000 	C:\WINDOWS\System32\SHELL32.dll
0x00007ff8bd120000 - 0x00007ff8bda23000 	C:\WINDOWS\SYSTEM32\windows.storage.dll
0x00007ff8bcfe0000 - 0x00007ff8bd11f000 	C:\WINDOWS\SYSTEM32\wintypes.dll
0x00007ff8c0730000 - 0x00007ff8c0829000 	C:\WINDOWS\System32\SHCORE.dll
0x00007ff8c1a70000 - 0x00007ff8c1ace000 	C:\WINDOWS\System32\shlwapi.dll
0x00007ff8bf100000 - 0x00007ff8bf12b000 	C:\WINDOWS\SYSTEM32\profapi.dll
0x00007ff832e10000 - 0x00007ff832ee7000 	C:\Program Files\Java\jdk-23\bin\jsvml.dll
0x00007ff8abe90000 - 0x00007ff8abe9c000 	C:\Program Files\Java\jdk-23\bin\dt_socket.dll
0x00007ff8bdd00000 - 0x00007ff8bdd2d000 	C:\WINDOWS\SYSTEM32\IPHLPAPI.DLL
0x00007ff8be780000 - 0x00007ff8be7e9000 	C:\WINDOWS\system32\mswsock.dll
0x00007ff8bdd70000 - 0x00007ff8bde72000 	C:\WINDOWS\SYSTEM32\DNSAPI.dll
0x00007ff8c0cd0000 - 0x00007ff8c0cd9000 	C:\WINDOWS\System32\NSI.dll
0x00007ff8b0a20000 - 0x00007ff8b0a2a000 	C:\Windows\System32\rasadhlp.dll
0x00007ff8b8b90000 - 0x00007ff8b8c13000 	C:\WINDOWS\System32\fwpuclnt.dll
0x00007ff8a18a0000 - 0x00007ff8a18b0000 	C:\Program Files\Java\jdk-23\bin\net.dll
0x00007ff866700000 - 0x00007ff866716000 	C:\Program Files\Java\jdk-23\bin\nio.dll
0x00007ff866440000 - 0x00007ff866457000 	C:\Program Files\Java\jdk-23\bin\zip.dll
0x00007ff8a1660000 - 0x00007ff8a1670000 	C:\Program Files\Java\jdk-23\bin\verify.dll
0x00007ff832d90000 - 0x00007ff832e05000 	C:\Users\buian\AppData\Local\Temp\lwjglbuian\3.3.1-build-7\lwjgl.dll
0x00007ff80ef10000 - 0x00007ff80ef71000 	C:\Users\buian\AppData\Local\Temp\lwjglbuian\3.3.1-build-7\glfw.dll

dbghelp: loaded successfully - version: 4.0.5 - missing functions: none
symbol engine: initialized successfully - sym options: 0x614 - pdb path: .;C:\Program Files\Java\jdk-23\bin;C:\WINDOWS\SYSTEM32;C:\WINDOWS\WinSxS\amd64_microsoft.windows.common-controls_6595b64144ccf1df_6.0.22621.4391_none_2715d37f73803e96;C:\Program Files\Java\jdk-23\bin\server;C:\Users\buian\AppData\Local\Temp\lwjglbuian\3.3.1-build-7

VM Arguments:
jvm_args: -agentlib:jdwp=transport=dt_socket,server=n,suspend=y,address=localhost:52657 -XX:+ShowCodeDetailsInExceptionMessages 
java_command: com.unisinos.Main
java_class_path (initial): C:\Users\buian\OneDrive\Documentos\GitHub\GraphicParserOpenGL\graphicparser\target\classes;C:\Users\buian\.m2\repository\org\lwjgl\lwjgl\3.3.1\lwjgl-3.3.1.jar;C:\Users\buian\.m2\repository\org\lwjgl\lwjgl-opengl\3.3.1\lwjgl-opengl-3.3.1.jar;C:\Users\buian\.m2\repository\org\lwjgl\lwjgl-glfw\3.3.1\lwjgl-glfw-3.3.1.jar;C:\Users\buian\.m2\repository\org\lwjgl\lwjgl-assimp\3.3.1\lwjgl-assimp-3.3.1.jar;C:\Users\buian\.m2\repository\org\joml\joml\1.10.5\joml-1.10.5.jar;C:\Users\buian\.m2\repository\org\lwjgl\lwjgl\3.3.1\lwjgl-3.3.1-natives-windows.jar;C:\Users\buian\.m2\repository\org\lwjgl\lwjgl-opengl\3.3.1\lwjgl-opengl-3.3.1-natives-windows.jar;C:\Users\buian\.m2\repository\org\lwjgl\lwjgl-glfw\3.3.1\lwjgl-glfw-3.3.1-natives-windows.jar;C:\Users\buian\.m2\repository\org\lwjgl\lwjgl-assimp\3.3.1\lwjgl-assimp-3.3.1-natives-windows.jar
Launcher Type: SUN_STANDARD

[Global flags]
     intx CICompilerCount                          = 12                                        {product} {ergonomic}
     uint ConcGCThreads                            = 3                                         {product} {ergonomic}
     uint G1ConcRefinementThreads                  = 13                                        {product} {ergonomic}
   size_t G1HeapRegionSize                         = 4194304                                   {product} {ergonomic}
   size_t InitialHeapSize                          = 536870912                                 {product} {ergonomic}
   size_t MarkStackSize                            = 4194304                                   {product} {ergonomic}
   size_t MarkStackSizeMax                         = 536870912                                 {product} {ergonomic}
   size_t MaxHeapSize                              = 8577351680                                {product} {ergonomic}
   size_t MaxNewSize                               = 5146411008                                {product} {ergonomic}
   size_t MinHeapDeltaBytes                        = 4194304                                   {product} {ergonomic}
   size_t MinHeapSize                              = 8388608                                   {product} {ergonomic}
    uintx NonNMethodCodeHeapSize                   = 7602176                                {pd product} {ergonomic}
    uintx NonProfiledCodeHeapSize                  = 122093568                              {pd product} {ergonomic}
    uintx ProfiledCodeHeapSize                     = 121962496                              {pd product} {ergonomic}
    uintx ReservedCodeCacheSize                    = 251658240                              {pd product} {ergonomic}
     bool SegmentedCodeCache                       = true                                      {product} {ergonomic}
     bool ShowCodeDetailsInExceptionMessages       = true                                   {manageable} {command line}
   size_t SoftMaxHeapSize                          = 8577351680                             {manageable} {ergonomic}
     bool UseCompressedOops                        = true                           {product lp64_product} {ergonomic}
     bool UseG1GC                                  = true                                      {product} {ergonomic}
     bool UseLargePagesIndividualAllocation        = false                                  {pd product} {ergonomic}

Logging:
Log output configuration:
 #0: stdout all=warning uptime,level,tags foldmultilines=false
 #1: stderr all=off uptime,level,tags foldmultilines=false

Environment Variables:
CLASSPATH=C:\JavaLib\antlr-4.9.2-complete.jar
PATH=C:\Program Files\Common Files\Oracle\Java\javapath;C:\Program Files (x86)\Common Files\Oracle\Java\java8path;C:\Program Files (x86)\Common Files\Oracle\Java\javapath;C:\Program Files (x86)\NVIDIA Corporation\PhysX\Common;C:\WINDOWS\system32;C:\WINDOWS;C:\WINDOWS\System32\Wbem;C:\WINDOWS\System32\WindowsPowerShell\v1.0\;C:\WINDOWS\System32\OpenSSH\;C:\Users\buian\AppData\Local\Programs\Python\Python312;C:\Program Files\Java\jdk-23\bin;C:\Users\buian\AppData\Local\Microsoft\WindowsApps;C:\Users\buian\AppData\Local\Programs\Microsoft VS Code\bin;C:\Users\buian\AppData\Local\GitHubDesktop\bin;C:\jflex-1.9.1\bin;C:\MinGW\bin;C:\cup\bin;C:\JavaLib\antlr-4.9.2-complete.jar;C:\JavaLib;C:\antlr4\bin;C:\Users\buian\AppData\Local\Packages\PythonSoftwareFoundation.Python.3.11_qbz5n2kfra8p0\LocalCache\local-packages\Python311\Scripts;
USERNAME=buian
LANG=en_US.UTF-8
OS=Windows_NT
PROCESSOR_IDENTIFIER=AMD64 Family 25 Model 33 Stepping 0, AuthenticAMD
TMP=C:\Users\buian\AppData\Local\Temp
TEMP=C:\Users\buian\AppData\Local\Temp




Periodic native trim disabled

---------------  S Y S T E M  ---------------

OS:
 Windows 11 , 64 bit Build 22621 (10.0.22621.4391)
OS uptime: 0 days 2:29 hours

CPU: total 16 (initial active 16) (16 cores per cpu, 2 threads per core) family 25 model 33 stepping 0 microcode 0x0, cx8, cmov, fxsr, ht, mmx, 3dnowpref, sse, sse2, sse3, ssse3, sse4a, sse4.1, sse4.2, popcnt, lzcnt, tsc, tscinvbit, avx, avx2, aes, erms, clmul, bmi1, bmi2, adx, sha, fma, vzeroupper, clflush, clflushopt, rdtscp, rdpid, fsrm, f16c, pku, cet_ss
Processor Information for the first 16 processors :
  Max Mhz: 3801, Current Mhz: 3801, Mhz Limit: 3801

Memory: 4k page, system-wide physical 32711M (16567M free)
TotalPageFile size 34759M (AvailPageFile size 9019M)
current process WorkingSet (physical memory assigned to process): 50M, peak: 50M
current process commit charge ("private bytes"): 618M, peak: 618M

vm_info: Java HotSpot(TM) 64-Bit Server VM (23+37-2369) for windows-amd64 JRE (23+37-2369), built on 2024-08-20T16:01:23Z with MS VC++ 17.6 (VS2022)

END.
