#
# A fatal error has been detected by the Java Runtime Environment:
#
#  EXCEPTION_ACCESS_VIOLATION (0xc0000005) at pc=0x00007fff2808c747, pid=12852, tid=12652
#
# JRE version: Java(TM) SE Runtime Environment (23.0+37) (build 23+37-2369)
# Java VM: Java HotSpot(TM) 64-Bit Server VM (23+37-2369, mixed mode, sharing, tiered, compressed oops, compressed class ptrs, g1 gc, windows-amd64)
# Problematic frame:
# C  [lwjgl_opengl.dll+0xc747]
#
# No core dump will be written. Minidumps are not enabled by default on client versions of Windows
#
# If you would like to submit a bug report, please visit:
#   https://bugreport.java.com/bugreport/crash.jsp
# The crash happened outside the Java Virtual Machine in native code.
# See problematic frame for where to report the bug.
#

---------------  S U M M A R Y ------------

Command Line: -agentlib:jdwp=transport=dt_socket,server=n,suspend=y,address=localhost:49376 -XX:+ShowCodeDetailsInExceptionMessages com.unisinos.Main

Host: AMD Ryzen 7 5800X 8-Core Processor             , 16 cores, 31G,  Windows 11 , 64 bit Build 22621 (10.0.22621.3958)
Time: Mon Nov 11 22:58:34 2024 Hora oficial do Brasil elapsed time: 0.276868 seconds (0d 0h 0m 0s)

---------------  T H R E A D  ---------------

Current thread (0x000002a1d2656af0):  JavaThread "main"             [_thread_in_native, id=12652, stack(0x000000d4b5000000,0x000000d4b5100000) (1024K)]

Stack: [0x000000d4b5000000,0x000000d4b5100000],  sp=0x000000d4b50ff6e8,  free space=1021k
Native frames: (J=compiled Java code, j=interpreted, Vv=VM code, C=native code)
C  [lwjgl_opengl.dll+0xc747]  (no source info available)

Java frames: (J=compiled Java code, j=interpreted, Vv=VM code)
j  org.lwjgl.opengl.GL11C.nglGetString(I)J+0
j  org.lwjgl.opengl.GL11C.glGetString(I)Ljava/lang/String;+1
j  org.lwjgl.opengl.GL11.glGetString(I)Ljava/lang/String;+1
j  com.unisinos.Main.main([Ljava/lang/String;)V+101
v  ~StubRoutines::call_stub 0x000002a1e45c0fcd

siginfo: EXCEPTION_ACCESS_VIOLATION (0xc0000005), reading address 0x0000000000000378


Registers:
RAX=0x000002a1c18688a0, RBX=0x000002a1c25948b8, RCX=0x0000000000000000, RDX=0x000000d4b50ff778
RSP=0x000000d4b50ff6e8, RBP=0x000000d4b50ff768, RSI=0x000000000000000a, RDI=0x0000000000000000
R8 =0x0000000000001f01, R9 =0x0000000000000002, R10=0x000002a1e45d0b43, R11=0x000000062070f6c8
R12=0x0000000000000000, R13=0x000002a1c25948b8, R14=0x000000d4b50ff788, R15=0x000002a1d2656af0
RIP=0x00007fff2808c747, EFLAGS=0x0000000000010206


Register to memory mapping:

RAX=0x000002a1c18688a0 points into unknown readable memory: 0x0000000000000000 | 00 00 00 00 00 00 00 00
RBX={method} {0x000002a1c25948c0} 'nglGetString' '(I)J' in 'org/lwjgl/opengl/GL11C'
RCX=0x0 is null
RDX=0x000000d4b50ff778 is pointing into the stack for thread: 0x000002a1d2656af0
RSP=0x000000d4b50ff6e8 is pointing into the stack for thread: 0x000002a1d2656af0
RBP=0x000000d4b50ff768 is pointing into the stack for thread: 0x000002a1d2656af0
RSI=0x000000000000000a is an unknown value
RDI=0x0 is null
R8 =0x0000000000001f01 is an unknown value
R9 =0x0000000000000002 is an unknown value
R10=0x000002a1e45d0b43 is at code_begin+1923 in an Interpreter codelet
native method entry point (kind = native)  [0x000002a1e45d03c0, 0x000002a1e45d1628]  4712 bytes
R11=0x000000062070f6c8 is an oop: java.lang.Class 
{0x000000062070f6c8} - klass: 'java/lang/Class'
 - ---- fields (total size 116 words):
 - private volatile transient 'classRedefinedCount' 'I' @12  0 (0x00000000)
 - injected 'klass' 'J' @16  2892677356768 (0x000002a181019ce0)
 - injected 'array_klass' 'J' @24  0 (0x0000000000000000)
 - injected 'oop_size' 'I' @32  116 (0x00000074)
 - injected 'static_oop_field_count' 'I' @36  0 (0x00000000)
 - private volatile transient 'cachedConstructor' 'Ljava/lang/reflect/Constructor;' @40  null (0x00000000)
 - private transient 'name' 'Ljava/lang/String;' @44  "org.lwjgl.opengl.GL11C"{0x000000062070fa78} (0xc40e1f4f)
 - private transient 'module' 'Ljava/lang/Module;' @48  a 'java/lang/Module'{0x00000006208660f0} (0xc410cc1e)
 - private final 'classLoader' 'Ljava/lang/ClassLoader;' @52  a 'jdk/internal/loader/ClassLoaders$AppClassLoader'{0x0000000620865f30} (0xc410cbe6)
 - private transient 'classData' 'Ljava/lang/Object;' @56  null (0x00000000)
 - private transient 'packageName' 'Ljava/lang/String;' @60  "org.lwjgl.opengl"{0x0000000620677848} (0xc40cef09)
 - private final 'componentType' 'Ljava/lang/Class;' @64  null (0x00000000)
 - private volatile transient 'reflectionData' 'Ljava/lang/ref/SoftReference;' @68  null (0x00000000)
 - private volatile transient 'genericInfo' 'Lsun/reflect/generics/repository/ClassRepository;' @72  null (0x00000000)
 - private volatile transient 'enumConstants' '[Ljava/lang/Object;' @76  null (0x00000000)
 - private volatile transient 'enumConstantDirectory' 'Ljava/util/Map;' @80  null (0x00000000)
 - private volatile transient 'annotationData' 'Ljava/lang/Class$AnnotationData;' @84  null (0x00000000)
 - private volatile transient 'annotationType' 'Lsun/reflect/annotation/AnnotationType;' @88  null (0x00000000)
 - transient 'classValueMap' 'Ljava/lang/ClassValue$ClassValueMap;' @92  null (0x00000000)
 - injected 'protection_domain' 'Ljava/lang/Object;' @96  a 'java/security/ProtectionDomain'{0x00000006206832f8} (0xc40d065f)
 - injected 'signers_name' 'Ljava/lang/Object;' @100  null (0x00000000)
 - injected 'source_file' 'Ljava/lang/Object;' @104  null (0x00000000)
 - signature: Lorg/lwjgl/opengl/GL11C;
 - ---- static fields (0):
 - public static final 'GL_NEVER' 'I' @112  512 (0x00000200)
 - public static final 'GL_LESS' 'I' @116  513 (0x00000201)
 - public static final 'GL_EQUAL' 'I' @120  514 (0x00000202)
 - public static final 'GL_LEQUAL' 'I' @124  515 (0x00000203)
 - public static final 'GL_GREATER' 'I' @128  516 (0x00000204)
 - public static final 'GL_NOTEQUAL' 'I' @132  517 (0x00000205)
 - public static final 'GL_GEQUAL' 'I' @136  518 (0x00000206)
 - public static final 'GL_ALWAYS' 'I' @140  519 (0x00000207)
 - public static final 'GL_DEPTH_BUFFER_BIT' 'I' @144  256 (0x00000100)
 - public static final 'GL_STENCIL_BUFFER_BIT' 'I' @148  1024 (0x00000400)
 - public static final 'GL_COLOR_BUFFER_BIT' 'I' @152  16384 (0x00004000)
 - public static final 'GL_POINTS' 'I' @156  0 (0x00000000)
 - public static final 'GL_LINES' 'I' @160  1 (0x00000001)
 - public static final 'GL_LINE_LOOP' 'I' @164  2 (0x00000002)
 - public static final 'GL_LINE_STRIP' 'I' @168  3 (0x00000003)
 - public static final 'GL_TRIANGLES' 'I' @172  4 (0x00000004)
 - public static final 'GL_TRIANGLE_STRIP' 'I' @176  5 (0x00000005)
 - public static final 'GL_TRIANGLE_FAN' 'I' @180  6 (0x00000006)
 - public static final 'GL_QUADS' 'I' @184  7 (0x00000007)
 - public static final 'GL_ZERO' 'I' @188  0 (0x00000000)
 - public static final 'GL_ONE' 'I' @192  1 (0x00000001)
 - public static final 'GL_SRC_COLOR' 'I' @196  768 (0x00000300)
 - public static final 'GL_ONE_MINUS_SRC_COLOR' 'I' @200  769 (0x00000301)
 - public static final 'GL_SRC_ALPHA' 'I' @204  770 (0x00000302)
 - public static final 'GL_ONE_MINUS_SRC_ALPHA' 'I' @208  771 (0x00000303)
 - public static final 'GL_DST_ALPHA' 'I' @212  772 (0x00000304)
 - public static final 'GL_ONE_MINUS_DST_ALPHA' 'I' @216  773 (0x00000305)
 - public static final 'GL_DST_COLOR' 'I' @220  774 (0x00000306)
 - public static final 'GL_ONE_MINUS_DST_COLOR' 'I' @224  775 (0x00000307)
 - public static final 'GL_SRC_ALPHA_SATURATE' 'I' @228  776 (0x00000308)
 - public static final 'GL_TRUE' 'I' @232  1 (0x00000001)
 - public static final 'GL_FALSE' 'I' @236  0 (0x00000000)
 - public static final 'GL_BYTE' 'I' @240  5120 (0x00001400)
 - public static final 'GL_UNSIGNED_BYTE' 'I' @244  5121 (0x00001401)
 - public static final 'GL_SHORT' 'I' @248  5122 (0x00001402)
 - public static final 'GL_UNSIGNED_SHORT' 'I' @252  5123 (0x00001403)
 - public static final 'GL_INT' 'I' @256  5124 (0x00001404)
 - public static final 'GL_UNSIGNED_INT' 'I' @260  5125 (0x00001405)
 - public static final 'GL_FLOAT' 'I' @264  5126 (0x00001406)
 - public static final 'GL_DOUBLE' 'I' @268  5130 (0x0000140a)
 - public static final 'GL_NONE' 'I' @272  0 (0x00000000)
 - public static final 'GL_FRONT_LEFT' 'I' @276  1024 (0x00000400)
 - public static final 'GL_FRONT_RIGHT' 'I' @280  1025 (0x00000401)
 - public static final 'GL_BACK_LEFT' 'I' @284  1026 (0x00000402)
 - public static final 'GL_BACK_RIGHT' 'I' @288  1027 (0x00000403)
 - public static final 'GL_FRONT' 'I' @292  1028 (0x00000404)
 - public static final 'GL_BACK' 'I' @296  1029 (0x00000405)
 - public static final 'GL_LEFT' 'I' @300  1030 (0x00000406)
 - public static final 'GL_RIGHT' 'I' @304  1031 (0x00000407)
 - public static final 'GL_FRONT_AND_BACK' 'I' @308  1032 (0x00000408)
 - public static final 'GL_NO_ERROR' 'I' @312  0 (0x00000000)
 - public static final 'GL_INVALID_ENUM' 'I' @316  1280 (0x00000500)
 - public static final 'GL_INVALID_VALUE' 'I' @320  1281 (0x00000501)
 - public static final 'GL_INVALID_OPERATION' 'I' @324  1282 (0x00000502)
 - public static final 'GL_STACK_OVERFLOW' 'I' @328  1283 (0x00000503)
 - public static final 'GL_STACK_UNDERFLOW' 'I' @332  1284 (0x00000504)
 - public static final 'GL_OUT_OF_MEMORY' 'I' @336  1285 (0x00000505)
 - public static final 'GL_CW' 'I' @340  2304 (0x00000900)
 - public static final 'GL_CCW' 'I' @344  2305 (0x00000901)
 - public static final 'GL_POINT_SIZE' 'I' @348  2833 (0x00000b11)
 - public static final 'GL_POINT_SIZE_RANGE' 'I' @352  2834 (0x00000b12)
 - public static final 'GL_POINT_SIZE_GRANULARITY' 'I' @356  2835 (0x00000b13)
 - public static final 'GL_LINE_SMOOTH' 'I' @360  2848 (0x00000b20)
 - public static final 'GL_LINE_WIDTH' 'I' @364  2849 (0x00000b21)
 - public static final 'GL_LINE_WIDTH_RANGE' 'I' @368  2850 (0x00000b22)
 - public static final 'GL_LINE_WIDTH_GRANULARITY' 'I' @372  2851 (0x00000b23)
 - public static final 'GL_POLYGON_MODE' 'I' @376  2880 (0x00000b40)
 - public static final 'GL_POLYGON_SMOOTH' 'I' @380  2881 (0x00000b41)
 - public static final 'GL_CULL_FACE' 'I' @384  2884 (0x00000b44)
 - public static final 'GL_CULL_FACE_MODE' 'I' @388  2885 (0x00000b45)
 - public static final 'GL_FRONT_FACE' 'I' @392  2886 (0x00000b46)
 - public static final 'GL_DEPTH_RANGE' 'I' @396  2928 (0x00000b70)
 - public static final 'GL_DEPTH_TEST' 'I' @400  2929 (0x00000b71)
 - public static final 'GL_DEPTH_WRITEMASK' 'I' @404  2930 (0x00000b72)
 - public static final 'GL_DEPTH_CLEAR_VALUE' 'I' @408  2931 (0x00000b73)
 - public static final 'GL_DEPTH_FUNC' 'I' @412  2932 (0x00000b74)
 - public static final 'GL_STENCIL_TEST' 'I' @416  2960 (0x00000b90)
 - public static final 'GL_STENCIL_CLEAR_VALUE' 'I' @420  2961 (0x00000b91)
 - public static final 'GL_STENCIL_FUNC' 'I' @424  2962 (0x00000b92)
 - public static final 'GL_STENCIL_VALUE_MASK' 'I' @428  2963 (0x00000b93)
 - public static final 'GL_STENCIL_FAIL' 'I' @432  2964 (0x00000b94)
 - public static final 'GL_STENCIL_PASS_DEPTH_FAIL' 'I' @436  2965 (0x00000b95)
 - public static final 'GL_STENCIL_PASS_DEPTH_PASS' 'I' @440  2966 (0x00000b96)
 - public static final 'GL_STENCIL_REF' 'I' @444  2967 (0x00000b97)
 - public static final 'GL_STENCIL_WRITEMASK' 'I' @448  2968 (0x00000b98)
 - public static final 'GL_VIEWPORT' 'I' @452  2978 (0x00000ba2)
 - public static final 'GL_DITHER' 'I' @456  3024 (0x00000bd0)
 - public static final 'GL_BLEND_DST' 'I' @460  3040 (0x00000be0)
 - public static final 'GL_BLEND_SRC' 'I' @464  3041 (0x00000be1)
 - public static final 'GL_BLEND' 'I' @468  3042 (0x00000be2)
 - public static final 'GL_LOGIC_OP_MODE' 'I' @472  3056 (0x00000bf0)
 - public static final 'GL_COLOR_LOGIC_OP' 'I' @476  3058 (0x00000bf2)
 - public static final 'GL_DRAW_BUFFER' 'I' @480  3073 (0x00000c01)
 - public static final 'GL_READ_BUFFER' 'I' @484  3074 (0x00000c02)
 - public static final 'GL_SCISSOR_BOX' 'I' @488  3088 (0x00000c10)
 - public static final 'GL_SCISSOR_TEST' 'I' @492  3089 (0x00000c11)
 - public static final 'GL_COLOR_CLEAR_VALUE' 'I' @496  3106 (0x00000c22)
 - public static final 'GL_COLOR_WRITEMASK' 'I' @500  3107 (0x00000c23)
 - public static final 'GL_DOUBLEBUFFER' 'I' @504  3122 (0x00000c32)
 - public static final 'GL_STEREO' 'I' @508  3123 (0x00000c33)
 - public static final 'GL_LINE_SMOOTH_HINT' 'I' @512  3154 (0x00000c52)
 - public static final 'GL_POLYGON_SMOOTH_HINT' 'I' @516  3155 (0x00000c53)
 - public static final 'GL_UNPACK_SWAP_BYTES' 'I' @520  3312 (0x00000cf0)
 - public static final 'GL_UNPACK_LSB_FIRST' 'I' @524  3313 (0x00000cf1)
 - public static final 'GL_UNPACK_ROW_LENGTH' 'I' @528  3314 (0x00000cf2)
 - public static final 'GL_UNPACK_SKIP_ROWS' 'I' @532  3315 (0x00000cf3)
 - public static final 'GL_UNPACK_SKIP_PIXELS' 'I' @536  3316 (0x00000cf4)
 - public static final 'GL_UNPACK_ALIGNMENT' 'I' @540  3317 (0x00000cf5)
 - public static final 'GL_PACK_SWAP_BYTES' 'I' @544  3328 (0x00000d00)
 - public static final 'GL_PACK_LSB_FIRST' 'I' @548  3329 (0x00000d01)
 - public static final 'GL_PACK_ROW_LENGTH' 'I' @552  3330 (0x00000d02)
 - public static final 'GL_PACK_SKIP_ROWS' 'I' @556  3331 (0x00000d03)
 - public static final 'GL_PACK_SKIP_PIXELS' 'I' @560  3332 (0x00000d04)
 - public static final 'GL_PACK_ALIGNMENT' 'I' @564  3333 (0x00000d05)
 - public static final 'GL_MAX_TEXTURE_SIZE' 'I' @568  3379 (0x00000d33)
 - public static final 'GL_MAX_VIEWPORT_DIMS' 'I' @572  3386 (0x00000d3a)
 - public static final 'GL_SUBPIXEL_BITS' 'I' @576  3408 (0x00000d50)
 - public static final 'GL_TEXTURE_1D' 'I' @580  3552 (0x00000de0)
 - public static final 'GL_TEXTURE_2D' 'I' @584  3553 (0x00000de1)
 - public static final 'GL_TEXTURE_WIDTH' 'I' @588  4096 (0x00001000)
 - public static final 'GL_TEXTURE_HEIGHT' 'I' @592  4097 (0x00001001)
 - public static final 'GL_TEXTURE_INTERNAL_FORMAT' 'I' @596  4099 (0x00001003)
 - public static final 'GL_TEXTURE_BORDER_COLOR' 'I' @600  4100 (0x00001004)
 - public static final 'GL_DONT_CARE' 'I' @604  4352 (0x00001100)
 - public static final 'GL_FASTEST' 'I' @608  4353 (0x00001101)
 - public static final 'GL_NICEST' 'I' @612  4354 (0x00001102)
 - public static final 'GL_CLEAR' 'I' @616  5376 (0x00001500)
 - public static final 'GL_AND' 'I' @620  5377 (0x00001501)
 - public static final 'GL_AND_REVERSE' 'I' @624  5378 (0x00001502)
 - public static final 'GL_COPY' 'I' @628  5379 (0x00001503)
 - public static final 'GL_AND_INVERTED' 'I' @632  5380 (0x00001504)
 - public static final 'GL_NOOP' 'I' @636  5381 (0x00001505)
 - public static final 'GL_XOR' 'I' @640  5382 (0x00001506)
 - public static final 'GL_OR' 'I' @644  5383 (0x00001507)
 - public static final 'GL_NOR' 'I' @648  5384 (0x00001508)
 - public static final 'GL_EQUIV' 'I' @652  5385 (0x00001509)
 - public static final 'GL_INVERT' 'I' @656  5386 (0x0000150a)
 - public static final 'GL_OR_REVERSE' 'I' @660  5387 (0x0000150b)
 - public static final 'GL_COPY_INVERTED' 'I' @664  5388 (0x0000150c)
 - public static final 'GL_OR_INVERTED' 'I' @668  5389 (0x0000150d)
 - public static final 'GL_NAND' 'I' @672  5390 (0x0000150e)
 - public static final 'GL_SET' 'I' @676  5391 (0x0000150f)
 - public static final 'GL_TEXTURE' 'I' @680  5890 (0x00001702)
 - public static final 'GL_COLOR' 'I' @684  6144 (0x00001800)
 - public static final 'GL_DEPTH' 'I' @688  6145 (0x00001801)
 - public static final 'GL_STENCIL' 'I' @692  6146 (0x00001802)
 - public static final 'GL_STENCIL_INDEX' 'I' @696  6401 (0x00001901)
 - public static final 'GL_DEPTH_COMPONENT' 'I' @700  6402 (0x00001902)
 - public static final 'GL_RED' 'I' @704  6403 (0x00001903)
 - public static final 'GL_GREEN' 'I' @708  6404 (0x00001904)
 - public static final 'GL_BLUE' 'I' @712  6405 (0x00001905)
 - public static final 'GL_ALPHA' 'I' @716  6406 (0x00001906)
 - public static final 'GL_RGB' 'I' @720  6407 (0x00001907)
 - public static final 'GL_RGBA' 'I' @724  6408 (0x00001908)
 - public static final 'GL_POINT' 'I' @728  6912 (0x00001b00)
 - public static final 'GL_LINE' 'I' @732  6913 (0x00001b01)
 - public static final 'GL_FILL' 'I' @736  6914 (0x00001b02)
 - public static final 'GL_KEEP' 'I' @740  7680 (0x00001e00)
 - public static final 'GL_REPLACE' 'I' @744  7681 (0x00001e01)
 - public static final 'GL_INCR' 'I' @748  7682 (0x00001e02)
 - public static final 'GL_DECR' 'I' @752  7683 (0x00001e03)
 - public static final 'GL_VENDOR' 'I' @756  7936 (0x00001f00)
 - public static final 'GL_RENDERER' 'I' @760  7937 (0x00001f01)
 - public static final 'GL_VERSION' 'I' @764  7938 (0x00001f02)
 - public static final 'GL_EXTENSIONS' 'I' @768  7939 (0x00001f03)
 - public static final 'GL_NEAREST' 'I' @772  9728 (0x00002600)
 - public static final 'GL_LINEAR' 'I' @776  9729 (0x00002601)
 - public static final 'GL_NEAREST_MIPMAP_NEAREST' 'I' @780  9984 (0x00002700)
 - public static final 'GL_LINEAR_MIPMAP_NEAREST' 'I' @784  9985 (0x00002701)
 - public static final 'GL_NEAREST_MIPMAP_LINEAR' 'I' @788  9986 (0x00002702)
 - public static final 'GL_LINEAR_MIPMAP_LINEAR' 'I' @792  9987 (0x00002703)
 - public static final 'GL_TEXTURE_MAG_FILTER' 'I' @796  10240 (0x00002800)
 - public static final 'GL_TEXTURE_MIN_FILTER' 'I' @800  10241 (0x00002801)
 - public static final 'GL_TEXTURE_WRAP_S' 'I' @804  10242 (0x00002802)
 - public static final 'GL_TEXTURE_WRAP_T' 'I' @808  10243 (0x00002803)
 - public static final 'GL_REPEAT' 'I' @812  10497 (0x00002901)
 - public static final 'GL_POLYGON_OFFSET_FACTOR' 'I' @816  32824 (0x00008038)
 - public static final 'GL_POLYGON_OFFSET_UNITS' 'I' @820  10752 (0x00002a00)
 - public static final 'GL_POLYGON_OFFSET_POINT' 'I' @824  10753 (0x00002a01)
 - public static final 'GL_POLYGON_OFFSET_LINE' 'I' @828  10754 (0x00002a02)
 - public static final 'GL_POLYGON_OFFSET_FILL' 'I' @832  32823 (0x00008037)
 - public static final 'GL_R3_G3_B2' 'I' @836  10768 (0x00002a10)
 - public static final 'GL_RGB4' 'I' @840  32847 (0x0000804f)
 - public static final 'GL_RGB5' 'I' @844  32848 (0x00008050)
 - public static final 'GL_RGB8' 'I' @848  32849 (0x00008051)
 - public static final 'GL_RGB10' 'I' @852  32850 (0x00008052)
 - public static final 'GL_RGB12' 'I' @856  32851 (0x00008053)
 - public static final 'GL_RGB16' 'I' @860  32852 (0x00008054)
 - public static final 'GL_RGBA2' 'I' @864  32853 (0x00008055)
 - public static final 'GL_RGBA4' 'I' @868  32854 (0x00008056)
 - public static final 'GL_RGB5_A1' 'I' @872  32855 (0x00008057)
 - public static final 'GL_RGBA8' 'I' @876  32856 (0x00008058)
 - public static final 'GL_RGB10_A2' 'I' @880  32857 (0x00008059)
 - public static final 'GL_RGBA12' 'I' @884  32858 (0x0000805a)
 - public static final 'GL_RGBA16' 'I' @888  32859 (0x0000805b)
 - public static final 'GL_TEXTURE_RED_SIZE' 'I' @892  32860 (0x0000805c)
 - public static final 'GL_TEXTURE_GREEN_SIZE' 'I' @896  32861 (0x0000805d)
 - public static final 'GL_TEXTURE_BLUE_SIZE' 'I' @900  32862 (0x0000805e)
 - public static final 'GL_TEXTURE_ALPHA_SIZE' 'I' @904  32863 (0x0000805f)
 - public static final 'GL_PROXY_TEXTURE_1D' 'I' @908  32867 (0x00008063)
 - public static final 'GL_PROXY_TEXTURE_2D' 'I' @912  32868 (0x00008064)
 - public static final 'GL_TEXTURE_BINDING_1D' 'I' @916  32872 (0x00008068)
 - public static final 'GL_TEXTURE_BINDING_2D' 'I' @920  32873 (0x00008069)
 - public static final 'GL_VERTEX_ARRAY' 'I' @924  32884 (0x00008074)
R12=0x0 is null
R13={method} {0x000002a1c25948c0} 'nglGetString' '(I)J' in 'org/lwjgl/opengl/GL11C'
R14=0x000000d4b50ff788 is pointing into the stack for thread: 0x000002a1d2656af0
R15=0x000002a1d2656af0 is a thread

Top of Stack: (sp=0x000000d4b50ff6e8)
0x000000d4b50ff6e8:   000002a1e45d0b72 000002a1c25948b8
0x000000d4b50ff6f8:   000000000000000a 000000000000000a
0x000000d4b50ff708:   0000000000000000 000002a1c2594998
0x000000d4b50ff718:   000002a1e45d047b fffffffffffffff7
0x000000d4b50ff728:   000002a1c25948b8 0000000000000004
0x000000d4b50ff738:   000002a1c258ff30 0000000000000000
0x000000d4b50ff748:   000000062070f6c8 000002a1c25948b8
0x000000d4b50ff758:   0000000000000000 000000d4b50ff788
0x000000d4b50ff768:   000000d4b50ff7d8 000002a1e45c936f
0x000000d4b50ff778:   000000062070f6c8 000002a1e45cc8f6
0x000000d4b50ff788:   0000000000001f01 fffffffffffffff7
0x000000d4b50ff798:   000002a1c2594959 0000000000000004
0x000000d4b50ff7a8:   000002a1c258ff30 0000000000000000
0x000000d4b50ff7b8:   000000062070f6c8 000002a1c2594998
0x000000d4b50ff7c8:   fffffffffffffff6 000000d4b50ff7f8
0x000000d4b50ff7d8:   000000d4b50ff848 000002a1e45c9581
0x000000d4b50ff7e8:   0000000000000000 0000000000000000
0x000000d4b50ff7f8:   0000000000001f01 fffffffffffffff7
0x000000d4b50ff808:   000002a1c2560469 0000000000000002
0x000000d4b50ff818:   000002a1c254bf08 0000000000000000
0x000000d4b50ff828:   00000006206834d8 000002a1c2560490
0x000000d4b50ff838:   fffffffffffffff6 000000d4b50ff858
0x000000d4b50ff848:   000000d4b50ff8b8 000002a1e45c9581
0x000000d4b50ff858:   0000000000001f01 0000000620676be8
0x000000d4b50ff868:   000000062081dde0 fffffffffffffff7
0x000000d4b50ff878:   000002a1c240136d 0000000000000017
0x000000d4b50ff888:   000002a1c2405d30 0000000000000000
0x000000d4b50ff898:   0000000620a0da30 000002a1c2401670
0x000000d4b50ff8a8:   fffffffffffffff4 000000d4b50ff970
0x000000d4b50ff8b8:   000000d4b50ffa50 000002a1e45c0fcd
0x000000d4b50ff8c8:   0000000000000000 0000000000000000
0x000000d4b50ff8d8:   0000000000000000 0000000000000000 

Instructions: (pc=0x00007fff2808c747)
0x00007fff2808c647:   8b c8 4c 8b 50 18 49 ff a2 d8 02 00 00 cc cc cc
0x00007fff2808c657:   cc cc cc cc cc cc cc cc cc 48 8b 01 49 8b d1 41
0x00007fff2808c667:   8b c8 4c 8b 50 18 49 ff a2 e0 02 00 00 cc cc cc
0x00007fff2808c677:   cc cc cc cc cc cc cc cc cc 48 8b 01 49 8b d1 41
0x00007fff2808c687:   8b c8 4c 8b 50 18 49 ff a2 f0 02 00 00 cc cc cc
0x00007fff2808c697:   cc cc cc cc cc cc cc cc cc 48 8b 01 49 8b d1 41
0x00007fff2808c6a7:   8b c8 4c 8b 50 18 49 ff a2 f8 02 00 00 cc cc cc
0x00007fff2808c6b7:   cc cc cc cc cc cc cc cc cc 48 8b 01 49 8b d1 41
0x00007fff2808c6c7:   8b c8 4c 8b 50 18 49 ff a2 00 03 00 00 cc cc cc
0x00007fff2808c6d7:   cc cc cc cc cc cc cc cc cc 48 8b 01 49 8b d1 41
0x00007fff2808c6e7:   8b c8 4c 8b 50 18 49 ff a2 08 03 00 00 cc cc cc
0x00007fff2808c6f7:   cc cc cc cc cc cc cc cc cc 48 8b 01 48 8b 48 18
0x00007fff2808c707:   48 8b 81 10 03 00 00 48 ff e0 cc cc cc cc cc cc
0x00007fff2808c717:   cc cc cc cc cc cc cc cc cc 48 8b 01 49 8b d1 41
0x00007fff2808c727:   8b c8 4c 8b 50 18 49 ff a2 68 03 00 00 cc cc cc
0x00007fff2808c737:   cc cc cc cc cc cc cc cc cc 48 8b 01 48 8b 48 18
0x00007fff2808c747:   48 8b 81 78 03 00 00 41 8b c8 48 ff e0 cc cc cc
0x00007fff2808c757:   cc cc cc cc cc cc cc cc cc 40 53 48 8b 01 41 8b
0x00007fff2808c767:   d8 44 8b 44 24 30 41 8b d1 44 8b 4c 24 38 8b cb
0x00007fff2808c777:   4c 8b 50 18 48 8b 44 24 40 48 89 44 24 30 5b 49
0x00007fff2808c787:   ff a2 a8 03 00 00 cc cc cc 40 53 48 8b 01 41 8b
0x00007fff2808c797:   d8 44 8b 44 24 30 41 8b d1 4c 8b 4c 24 38 8b cb
0x00007fff2808c7a7:   4c 8b 50 18 5b 49 ff a2 b0 03 00 00 cc cc cc cc
0x00007fff2808c7b7:   cc cc cc cc cc cc cc cc cc 40 53 48 8b 01 41 8b
0x00007fff2808c7c7:   d8 44 8b 44 24 30 41 8b d1 4c 8b 4c 24 38 8b cb
0x00007fff2808c7d7:   4c 8b 50 18 5b 49 ff a2 b8 03 00 00 cc cc cc cc
0x00007fff2808c7e7:   cc cc cc cc cc cc cc cc cc 48 8b 01 45 8b d8 4c
0x00007fff2808c7f7:   8b 44 24 28 41 8b d1 41 8b cb 4c 8b 50 18 49 ff
0x00007fff2808c807:   a2 c0 03 00 00 cc cc cc cc 48 8b 01 45 8b d8 4c
0x00007fff2808c817:   8b 44 24 28 41 8b d1 41 8b cb 4c 8b 50 18 49 ff
0x00007fff2808c827:   a2 c8 03 00 00 cc cc cc cc 48 8b 01 41 8b d1 41
0x00007fff2808c837:   8b c8 4c 8b 50 18 49 ff a2 d0 03 00 00 cc cc cc 


Stack slot to memory mapping:

stack at sp + 0 slots: 0x000002a1e45d0b72 is at code_begin+1970 in an Interpreter codelet
native method entry point (kind = native)  [0x000002a1e45d03c0, 0x000002a1e45d1628]  4712 bytes
stack at sp + 1 slots: {method} {0x000002a1c25948c0} 'nglGetString' '(I)J' in 'org/lwjgl/opengl/GL11C'
stack at sp + 2 slots: 0x000000000000000a is an unknown value
stack at sp + 3 slots: 0x000000000000000a is an unknown value
stack at sp + 4 slots: 0x0 is null
stack at sp + 5 slots: {method} {0x000002a1c25949a0} 'glGetString' '(I)Ljava/lang/String;' in 'org/lwjgl/opengl/GL11C'
stack at sp + 6 slots: 0x000002a1e45d047b is at code_begin+187 in an Interpreter codelet
native method entry point (kind = native)  [0x000002a1e45d03c0, 0x000002a1e45d1628]  4712 bytes
stack at sp + 7 slots: 0xfffffffffffffff7 is an unknown value

Lock stack of current Java thread (top to bottom):


---------------  P R O C E S S  ---------------

Threads class SMR info:
_java_thread_list=0x000002a1c11de730, length=15, elements={
0x000002a1d2656af0, 0x000002a1f6d74670, 0x000002a1f6d75590, 0x000002a1f6d777f0,
0x000002a1f6d7a6b0, 0x000002a1f6d7c120, 0x000002a1f6d7ccb0, 0x000002a1f6d95360,
0x000002a1f6d808d0, 0x000002a1c11357a0, 0x000002a1c11c8c20, 0x000002a1c11cf250,
0x000002a1c11cf8e0, 0x000002a1c11d2090, 0x000002a1c11e1780
}

Java Threads: ( => current thread )
=>0x000002a1d2656af0 JavaThread "main"                              [_thread_in_native, id=12652, stack(0x000000d4b5000000,0x000000d4b5100000) (1024K)]
  0x000002a1f6d74670 JavaThread "Reference Handler"          daemon [_thread_blocked, id=22580, stack(0x000000d4b5800000,0x000000d4b5900000) (1024K)]
  0x000002a1f6d75590 JavaThread "Finalizer"                  daemon [_thread_blocked, id=12048, stack(0x000000d4b5900000,0x000000d4b5a00000) (1024K)]
  0x000002a1f6d777f0 JavaThread "Signal Dispatcher"          daemon [_thread_blocked, id=19408, stack(0x000000d4b5a00000,0x000000d4b5b00000) (1024K)]
  0x000002a1f6d7a6b0 JavaThread "Attach Listener"            daemon [_thread_blocked, id=7124, stack(0x000000d4b5b00000,0x000000d4b5c00000) (1024K)]
  0x000002a1f6d7c120 JavaThread "Service Thread"             daemon [_thread_blocked, id=3504, stack(0x000000d4b5c00000,0x000000d4b5d00000) (1024K)]
  0x000002a1f6d7ccb0 JavaThread "Monitor Deflation Thread"   daemon [_thread_blocked, id=12688, stack(0x000000d4b5d00000,0x000000d4b5e00000) (1024K)]
  0x000002a1f6d95360 JavaThread "C2 CompilerThread0"         daemon [_thread_blocked, id=20780, stack(0x000000d4b5e00000,0x000000d4b5f00000) (1024K)]
  0x000002a1f6d808d0 JavaThread "C1 CompilerThread0"         daemon [_thread_blocked, id=11752, stack(0x000000d4b5f00000,0x000000d4b6000000) (1024K)]
  0x000002a1c11357a0 JavaThread "C1 CompilerThread1"         daemon [_thread_blocked, id=5412, stack(0x000000d4b6000000,0x000000d4b6100000) (1024K)]
  0x000002a1c11c8c20 JavaThread "JDWP Transport Listener: dt_socket" daemon [_thread_blocked, id=24016, stack(0x000000d4b6100000,0x000000d4b6200000) (1024K)]
  0x000002a1c11cf250 JavaThread "JDWP Event Helper Thread"   daemon [_thread_blocked, id=18128, stack(0x000000d4b6200000,0x000000d4b6300000) (1024K)]
  0x000002a1c11cf8e0 JavaThread "JDWP Command Reader"        daemon [_thread_in_native, id=1664, stack(0x000000d4b6300000,0x000000d4b6400000) (1024K)]
  0x000002a1c11d2090 JavaThread "Notification Thread"        daemon [_thread_blocked, id=1672, stack(0x000000d4b6400000,0x000000d4b6500000) (1024K)]
  0x000002a1c11e1780 JavaThread "Common-Cleaner"             daemon [_thread_blocked, id=3636, stack(0x000000d4b6500000,0x000000d4b6600000) (1024K)]
Total: 15

Other Threads:
  0x000002a1f6d5b3c0 VMThread "VM Thread"                           [id=23108, stack(0x000000d4b5700000,0x000000d4b5800000) (1024K)]
  0x000002a1f6d4a370 WatcherThread "VM Periodic Task Thread"        [id=11040, stack(0x000000d4b5600000,0x000000d4b5700000) (1024K)]
  0x000002a1d4aec4b0 WorkerThread "GC Thread#0"                     [id=20868, stack(0x000000d4b5100000,0x000000d4b5200000) (1024K)]
  0x000002a1f6bc4070 ConcurrentGCThread "G1 Main Marker"            [id=2148, stack(0x000000d4b5200000,0x000000d4b5300000) (1024K)]
  0x000002a1f6bc4b80 WorkerThread "G1 Conc#0"                       [id=9496, stack(0x000000d4b5300000,0x000000d4b5400000) (1024K)]
  0x000002a1f6c8b870 ConcurrentGCThread "G1 Refine#0"               [id=19876, stack(0x000000d4b5400000,0x000000d4b5500000) (1024K)]
  0x000002a1d4a3c2b0 ConcurrentGCThread "G1 Service"                [id=7312, stack(0x000000d4b5500000,0x000000d4b5600000) (1024K)]
Total: 7

Threads with active compile tasks:
Total: 0

VM state: not at safepoint (normal execution)

VM Mutex/Monitor currently owned by a thread: None

Heap address: 0x0000000600c00000, size: 8180 MB, Compressed Oops mode: Zero based, Oop shift amount: 3

CDS archive(s) mapped at: [0x000002a180000000-0x000002a180d70000-0x000002a180d70000), size 14090240, SharedBaseAddress: 0x000002a180000000, ArchiveRelocationMode: 1.
Compressed class space mapped at: 0x000002a181000000-0x000002a1c1000000, reserved size: 1073741824
Narrow klass base: 0x000002a180000000, Narrow klass shift: 0, Narrow klass range: 0x41000000

GC Precious Log:
 CardTable entry size: 512
 Card Set container configuration: InlinePtr #cards 4 size 8 Array Of Cards #cards 32 size 80 Howl #buckets 8 coarsen threshold 7372 Howl Bitmap #cards 1024 size 144 coarsen threshold 921 Card regions per heap region 1 cards per card region 8192
 CPUs: 16 total, 16 available
 Memory: 32711M
 Large Page Support: Disabled
 NUMA Support: Disabled
 Compressed Oops: Enabled (Zero based)
 Heap Region Size: 4M
 Heap Min Capacity: 8M
 Heap Initial Capacity: 512M
 Heap Max Capacity: 8180M
 Pre-touch: Disabled
 Parallel Workers: 13
 Concurrent Workers: 3
 Concurrent Refinement Workers: 13
 Periodic GC: Disabled

Heap:
 garbage-first heap   total reserved 8376320K, committed 524288K, used 4096K [0x0000000600c00000, 0x0000000800000000)
  region size 4096K, 2 young (8192K), 0 survivors (0K)
 Metaspace       used 2906K, committed 3072K, reserved 1114112K
  class space    used 170K, committed 256K, reserved 1048576K

Heap Regions: E=young(eden), S=young(survivor), O=old, HS=humongous(starts), HC=humongous(continues), CS=collection set, F=free, TAMS=top-at-mark-start, PB=parsable bottom
|   0|0x0000000600c00000, 0x0000000600c00000, 0x0000000601000000|  0%| F|  |TAMS 0x0000000600c00000| PB 0x0000000600c00000| Untracked |  0
|   1|0x0000000601000000, 0x0000000601000000, 0x0000000601400000|  0%| F|  |TAMS 0x0000000601000000| PB 0x0000000601000000| Untracked |  0
|   2|0x0000000601400000, 0x0000000601400000, 0x0000000601800000|  0%| F|  |TAMS 0x0000000601400000| PB 0x0000000601400000| Untracked |  0
|   3|0x0000000601800000, 0x0000000601800000, 0x0000000601c00000|  0%| F|  |TAMS 0x0000000601800000| PB 0x0000000601800000| Untracked |  0
|   4|0x0000000601c00000, 0x0000000601c00000, 0x0000000602000000|  0%| F|  |TAMS 0x0000000601c00000| PB 0x0000000601c00000| Untracked |  0
|   5|0x0000000602000000, 0x0000000602000000, 0x0000000602400000|  0%| F|  |TAMS 0x0000000602000000| PB 0x0000000602000000| Untracked |  0
|   6|0x0000000602400000, 0x0000000602400000, 0x0000000602800000|  0%| F|  |TAMS 0x0000000602400000| PB 0x0000000602400000| Untracked |  0
|   7|0x0000000602800000, 0x0000000602800000, 0x0000000602c00000|  0%| F|  |TAMS 0x0000000602800000| PB 0x0000000602800000| Untracked |  0
|   8|0x0000000602c00000, 0x0000000602c00000, 0x0000000603000000|  0%| F|  |TAMS 0x0000000602c00000| PB 0x0000000602c00000| Untracked |  0
|   9|0x0000000603000000, 0x0000000603000000, 0x0000000603400000|  0%| F|  |TAMS 0x0000000603000000| PB 0x0000000603000000| Untracked |  0
|  10|0x0000000603400000, 0x0000000603400000, 0x0000000603800000|  0%| F|  |TAMS 0x0000000603400000| PB 0x0000000603400000| Untracked |  0
|  11|0x0000000603800000, 0x0000000603800000, 0x0000000603c00000|  0%| F|  |TAMS 0x0000000603800000| PB 0x0000000603800000| Untracked |  0
|  12|0x0000000603c00000, 0x0000000603c00000, 0x0000000604000000|  0%| F|  |TAMS 0x0000000603c00000| PB 0x0000000603c00000| Untracked |  0
|  13|0x0000000604000000, 0x0000000604000000, 0x0000000604400000|  0%| F|  |TAMS 0x0000000604000000| PB 0x0000000604000000| Untracked |  0
|  14|0x0000000604400000, 0x0000000604400000, 0x0000000604800000|  0%| F|  |TAMS 0x0000000604400000| PB 0x0000000604400000| Untracked |  0
|  15|0x0000000604800000, 0x0000000604800000, 0x0000000604c00000|  0%| F|  |TAMS 0x0000000604800000| PB 0x0000000604800000| Untracked |  0
|  16|0x0000000604c00000, 0x0000000604c00000, 0x0000000605000000|  0%| F|  |TAMS 0x0000000604c00000| PB 0x0000000604c00000| Untracked |  0
|  17|0x0000000605000000, 0x0000000605000000, 0x0000000605400000|  0%| F|  |TAMS 0x0000000605000000| PB 0x0000000605000000| Untracked |  0
|  18|0x0000000605400000, 0x0000000605400000, 0x0000000605800000|  0%| F|  |TAMS 0x0000000605400000| PB 0x0000000605400000| Untracked |  0
|  19|0x0000000605800000, 0x0000000605800000, 0x0000000605c00000|  0%| F|  |TAMS 0x0000000605800000| PB 0x0000000605800000| Untracked |  0
|  20|0x0000000605c00000, 0x0000000605c00000, 0x0000000606000000|  0%| F|  |TAMS 0x0000000605c00000| PB 0x0000000605c00000| Untracked |  0
|  21|0x0000000606000000, 0x0000000606000000, 0x0000000606400000|  0%| F|  |TAMS 0x0000000606000000| PB 0x0000000606000000| Untracked |  0
|  22|0x0000000606400000, 0x0000000606400000, 0x0000000606800000|  0%| F|  |TAMS 0x0000000606400000| PB 0x0000000606400000| Untracked |  0
|  23|0x0000000606800000, 0x0000000606800000, 0x0000000606c00000|  0%| F|  |TAMS 0x0000000606800000| PB 0x0000000606800000| Untracked |  0
|  24|0x0000000606c00000, 0x0000000606c00000, 0x0000000607000000|  0%| F|  |TAMS 0x0000000606c00000| PB 0x0000000606c00000| Untracked |  0
|  25|0x0000000607000000, 0x0000000607000000, 0x0000000607400000|  0%| F|  |TAMS 0x0000000607000000| PB 0x0000000607000000| Untracked |  0
|  26|0x0000000607400000, 0x0000000607400000, 0x0000000607800000|  0%| F|  |TAMS 0x0000000607400000| PB 0x0000000607400000| Untracked |  0
|  27|0x0000000607800000, 0x0000000607800000, 0x0000000607c00000|  0%| F|  |TAMS 0x0000000607800000| PB 0x0000000607800000| Untracked |  0
|  28|0x0000000607c00000, 0x0000000607c00000, 0x0000000608000000|  0%| F|  |TAMS 0x0000000607c00000| PB 0x0000000607c00000| Untracked |  0
|  29|0x0000000608000000, 0x0000000608000000, 0x0000000608400000|  0%| F|  |TAMS 0x0000000608000000| PB 0x0000000608000000| Untracked |  0
|  30|0x0000000608400000, 0x0000000608400000, 0x0000000608800000|  0%| F|  |TAMS 0x0000000608400000| PB 0x0000000608400000| Untracked |  0
|  31|0x0000000608800000, 0x0000000608800000, 0x0000000608c00000|  0%| F|  |TAMS 0x0000000608800000| PB 0x0000000608800000| Untracked |  0
|  32|0x0000000608c00000, 0x0000000608c00000, 0x0000000609000000|  0%| F|  |TAMS 0x0000000608c00000| PB 0x0000000608c00000| Untracked |  0
|  33|0x0000000609000000, 0x0000000609000000, 0x0000000609400000|  0%| F|  |TAMS 0x0000000609000000| PB 0x0000000609000000| Untracked |  0
|  34|0x0000000609400000, 0x0000000609400000, 0x0000000609800000|  0%| F|  |TAMS 0x0000000609400000| PB 0x0000000609400000| Untracked |  0
|  35|0x0000000609800000, 0x0000000609800000, 0x0000000609c00000|  0%| F|  |TAMS 0x0000000609800000| PB 0x0000000609800000| Untracked |  0
|  36|0x0000000609c00000, 0x0000000609c00000, 0x000000060a000000|  0%| F|  |TAMS 0x0000000609c00000| PB 0x0000000609c00000| Untracked |  0
|  37|0x000000060a000000, 0x000000060a000000, 0x000000060a400000|  0%| F|  |TAMS 0x000000060a000000| PB 0x000000060a000000| Untracked |  0
|  38|0x000000060a400000, 0x000000060a400000, 0x000000060a800000|  0%| F|  |TAMS 0x000000060a400000| PB 0x000000060a400000| Untracked |  0
|  39|0x000000060a800000, 0x000000060a800000, 0x000000060ac00000|  0%| F|  |TAMS 0x000000060a800000| PB 0x000000060a800000| Untracked |  0
|  40|0x000000060ac00000, 0x000000060ac00000, 0x000000060b000000|  0%| F|  |TAMS 0x000000060ac00000| PB 0x000000060ac00000| Untracked |  0
|  41|0x000000060b000000, 0x000000060b000000, 0x000000060b400000|  0%| F|  |TAMS 0x000000060b000000| PB 0x000000060b000000| Untracked |  0
|  42|0x000000060b400000, 0x000000060b400000, 0x000000060b800000|  0%| F|  |TAMS 0x000000060b400000| PB 0x000000060b400000| Untracked |  0
|  43|0x000000060b800000, 0x000000060b800000, 0x000000060bc00000|  0%| F|  |TAMS 0x000000060b800000| PB 0x000000060b800000| Untracked |  0
|  44|0x000000060bc00000, 0x000000060bc00000, 0x000000060c000000|  0%| F|  |TAMS 0x000000060bc00000| PB 0x000000060bc00000| Untracked |  0
|  45|0x000000060c000000, 0x000000060c000000, 0x000000060c400000|  0%| F|  |TAMS 0x000000060c000000| PB 0x000000060c000000| Untracked |  0
|  46|0x000000060c400000, 0x000000060c400000, 0x000000060c800000|  0%| F|  |TAMS 0x000000060c400000| PB 0x000000060c400000| Untracked |  0
|  47|0x000000060c800000, 0x000000060c800000, 0x000000060cc00000|  0%| F|  |TAMS 0x000000060c800000| PB 0x000000060c800000| Untracked |  0
|  48|0x000000060cc00000, 0x000000060cc00000, 0x000000060d000000|  0%| F|  |TAMS 0x000000060cc00000| PB 0x000000060cc00000| Untracked |  0
|  49|0x000000060d000000, 0x000000060d000000, 0x000000060d400000|  0%| F|  |TAMS 0x000000060d000000| PB 0x000000060d000000| Untracked |  0
|  50|0x000000060d400000, 0x000000060d400000, 0x000000060d800000|  0%| F|  |TAMS 0x000000060d400000| PB 0x000000060d400000| Untracked |  0
|  51|0x000000060d800000, 0x000000060d800000, 0x000000060dc00000|  0%| F|  |TAMS 0x000000060d800000| PB 0x000000060d800000| Untracked |  0
|  52|0x000000060dc00000, 0x000000060dc00000, 0x000000060e000000|  0%| F|  |TAMS 0x000000060dc00000| PB 0x000000060dc00000| Untracked |  0
|  53|0x000000060e000000, 0x000000060e000000, 0x000000060e400000|  0%| F|  |TAMS 0x000000060e000000| PB 0x000000060e000000| Untracked |  0
|  54|0x000000060e400000, 0x000000060e400000, 0x000000060e800000|  0%| F|  |TAMS 0x000000060e400000| PB 0x000000060e400000| Untracked |  0
|  55|0x000000060e800000, 0x000000060e800000, 0x000000060ec00000|  0%| F|  |TAMS 0x000000060e800000| PB 0x000000060e800000| Untracked |  0
|  56|0x000000060ec00000, 0x000000060ec00000, 0x000000060f000000|  0%| F|  |TAMS 0x000000060ec00000| PB 0x000000060ec00000| Untracked |  0
|  57|0x000000060f000000, 0x000000060f000000, 0x000000060f400000|  0%| F|  |TAMS 0x000000060f000000| PB 0x000000060f000000| Untracked |  0
|  58|0x000000060f400000, 0x000000060f400000, 0x000000060f800000|  0%| F|  |TAMS 0x000000060f400000| PB 0x000000060f400000| Untracked |  0
|  59|0x000000060f800000, 0x000000060f800000, 0x000000060fc00000|  0%| F|  |TAMS 0x000000060f800000| PB 0x000000060f800000| Untracked |  0
|  60|0x000000060fc00000, 0x000000060fc00000, 0x0000000610000000|  0%| F|  |TAMS 0x000000060fc00000| PB 0x000000060fc00000| Untracked |  0
|  61|0x0000000610000000, 0x0000000610000000, 0x0000000610400000|  0%| F|  |TAMS 0x0000000610000000| PB 0x0000000610000000| Untracked |  0
|  62|0x0000000610400000, 0x0000000610400000, 0x0000000610800000|  0%| F|  |TAMS 0x0000000610400000| PB 0x0000000610400000| Untracked |  0
|  63|0x0000000610800000, 0x0000000610800000, 0x0000000610c00000|  0%| F|  |TAMS 0x0000000610800000| PB 0x0000000610800000| Untracked |  0
|  64|0x0000000610c00000, 0x0000000610c00000, 0x0000000611000000|  0%| F|  |TAMS 0x0000000610c00000| PB 0x0000000610c00000| Untracked |  0
|  65|0x0000000611000000, 0x0000000611000000, 0x0000000611400000|  0%| F|  |TAMS 0x0000000611000000| PB 0x0000000611000000| Untracked |  0
|  66|0x0000000611400000, 0x0000000611400000, 0x0000000611800000|  0%| F|  |TAMS 0x0000000611400000| PB 0x0000000611400000| Untracked |  0
|  67|0x0000000611800000, 0x0000000611800000, 0x0000000611c00000|  0%| F|  |TAMS 0x0000000611800000| PB 0x0000000611800000| Untracked |  0
|  68|0x0000000611c00000, 0x0000000611c00000, 0x0000000612000000|  0%| F|  |TAMS 0x0000000611c00000| PB 0x0000000611c00000| Untracked |  0
|  69|0x0000000612000000, 0x0000000612000000, 0x0000000612400000|  0%| F|  |TAMS 0x0000000612000000| PB 0x0000000612000000| Untracked |  0
|  70|0x0000000612400000, 0x0000000612400000, 0x0000000612800000|  0%| F|  |TAMS 0x0000000612400000| PB 0x0000000612400000| Untracked |  0
|  71|0x0000000612800000, 0x0000000612800000, 0x0000000612c00000|  0%| F|  |TAMS 0x0000000612800000| PB 0x0000000612800000| Untracked |  0
|  72|0x0000000612c00000, 0x0000000612c00000, 0x0000000613000000|  0%| F|  |TAMS 0x0000000612c00000| PB 0x0000000612c00000| Untracked |  0
|  73|0x0000000613000000, 0x0000000613000000, 0x0000000613400000|  0%| F|  |TAMS 0x0000000613000000| PB 0x0000000613000000| Untracked |  0
|  74|0x0000000613400000, 0x0000000613400000, 0x0000000613800000|  0%| F|  |TAMS 0x0000000613400000| PB 0x0000000613400000| Untracked |  0
|  75|0x0000000613800000, 0x0000000613800000, 0x0000000613c00000|  0%| F|  |TAMS 0x0000000613800000| PB 0x0000000613800000| Untracked |  0
|  76|0x0000000613c00000, 0x0000000613c00000, 0x0000000614000000|  0%| F|  |TAMS 0x0000000613c00000| PB 0x0000000613c00000| Untracked |  0
|  77|0x0000000614000000, 0x0000000614000000, 0x0000000614400000|  0%| F|  |TAMS 0x0000000614000000| PB 0x0000000614000000| Untracked |  0
|  78|0x0000000614400000, 0x0000000614400000, 0x0000000614800000|  0%| F|  |TAMS 0x0000000614400000| PB 0x0000000614400000| Untracked |  0
|  79|0x0000000614800000, 0x0000000614800000, 0x0000000614c00000|  0%| F|  |TAMS 0x0000000614800000| PB 0x0000000614800000| Untracked |  0
|  80|0x0000000614c00000, 0x0000000614c00000, 0x0000000615000000|  0%| F|  |TAMS 0x0000000614c00000| PB 0x0000000614c00000| Untracked |  0
|  81|0x0000000615000000, 0x0000000615000000, 0x0000000615400000|  0%| F|  |TAMS 0x0000000615000000| PB 0x0000000615000000| Untracked |  0
|  82|0x0000000615400000, 0x0000000615400000, 0x0000000615800000|  0%| F|  |TAMS 0x0000000615400000| PB 0x0000000615400000| Untracked |  0
|  83|0x0000000615800000, 0x0000000615800000, 0x0000000615c00000|  0%| F|  |TAMS 0x0000000615800000| PB 0x0000000615800000| Untracked |  0
|  84|0x0000000615c00000, 0x0000000615c00000, 0x0000000616000000|  0%| F|  |TAMS 0x0000000615c00000| PB 0x0000000615c00000| Untracked |  0
|  85|0x0000000616000000, 0x0000000616000000, 0x0000000616400000|  0%| F|  |TAMS 0x0000000616000000| PB 0x0000000616000000| Untracked |  0
|  86|0x0000000616400000, 0x0000000616400000, 0x0000000616800000|  0%| F|  |TAMS 0x0000000616400000| PB 0x0000000616400000| Untracked |  0
|  87|0x0000000616800000, 0x0000000616800000, 0x0000000616c00000|  0%| F|  |TAMS 0x0000000616800000| PB 0x0000000616800000| Untracked |  0
|  88|0x0000000616c00000, 0x0000000616c00000, 0x0000000617000000|  0%| F|  |TAMS 0x0000000616c00000| PB 0x0000000616c00000| Untracked |  0
|  89|0x0000000617000000, 0x0000000617000000, 0x0000000617400000|  0%| F|  |TAMS 0x0000000617000000| PB 0x0000000617000000| Untracked |  0
|  90|0x0000000617400000, 0x0000000617400000, 0x0000000617800000|  0%| F|  |TAMS 0x0000000617400000| PB 0x0000000617400000| Untracked |  0
|  91|0x0000000617800000, 0x0000000617800000, 0x0000000617c00000|  0%| F|  |TAMS 0x0000000617800000| PB 0x0000000617800000| Untracked |  0
|  92|0x0000000617c00000, 0x0000000617c00000, 0x0000000618000000|  0%| F|  |TAMS 0x0000000617c00000| PB 0x0000000617c00000| Untracked |  0
|  93|0x0000000618000000, 0x0000000618000000, 0x0000000618400000|  0%| F|  |TAMS 0x0000000618000000| PB 0x0000000618000000| Untracked |  0
|  94|0x0000000618400000, 0x0000000618400000, 0x0000000618800000|  0%| F|  |TAMS 0x0000000618400000| PB 0x0000000618400000| Untracked |  0
|  95|0x0000000618800000, 0x0000000618800000, 0x0000000618c00000|  0%| F|  |TAMS 0x0000000618800000| PB 0x0000000618800000| Untracked |  0
|  96|0x0000000618c00000, 0x0000000618c00000, 0x0000000619000000|  0%| F|  |TAMS 0x0000000618c00000| PB 0x0000000618c00000| Untracked |  0
|  97|0x0000000619000000, 0x0000000619000000, 0x0000000619400000|  0%| F|  |TAMS 0x0000000619000000| PB 0x0000000619000000| Untracked |  0
|  98|0x0000000619400000, 0x0000000619400000, 0x0000000619800000|  0%| F|  |TAMS 0x0000000619400000| PB 0x0000000619400000| Untracked |  0
|  99|0x0000000619800000, 0x0000000619800000, 0x0000000619c00000|  0%| F|  |TAMS 0x0000000619800000| PB 0x0000000619800000| Untracked |  0
| 100|0x0000000619c00000, 0x0000000619c00000, 0x000000061a000000|  0%| F|  |TAMS 0x0000000619c00000| PB 0x0000000619c00000| Untracked |  0
| 101|0x000000061a000000, 0x000000061a000000, 0x000000061a400000|  0%| F|  |TAMS 0x000000061a000000| PB 0x000000061a000000| Untracked |  0
| 102|0x000000061a400000, 0x000000061a400000, 0x000000061a800000|  0%| F|  |TAMS 0x000000061a400000| PB 0x000000061a400000| Untracked |  0
| 103|0x000000061a800000, 0x000000061a800000, 0x000000061ac00000|  0%| F|  |TAMS 0x000000061a800000| PB 0x000000061a800000| Untracked |  0
| 104|0x000000061ac00000, 0x000000061ac00000, 0x000000061b000000|  0%| F|  |TAMS 0x000000061ac00000| PB 0x000000061ac00000| Untracked |  0
| 105|0x000000061b000000, 0x000000061b000000, 0x000000061b400000|  0%| F|  |TAMS 0x000000061b000000| PB 0x000000061b000000| Untracked |  0
| 106|0x000000061b400000, 0x000000061b400000, 0x000000061b800000|  0%| F|  |TAMS 0x000000061b400000| PB 0x000000061b400000| Untracked |  0
| 107|0x000000061b800000, 0x000000061b800000, 0x000000061bc00000|  0%| F|  |TAMS 0x000000061b800000| PB 0x000000061b800000| Untracked |  0
| 108|0x000000061bc00000, 0x000000061bc00000, 0x000000061c000000|  0%| F|  |TAMS 0x000000061bc00000| PB 0x000000061bc00000| Untracked |  0
| 109|0x000000061c000000, 0x000000061c000000, 0x000000061c400000|  0%| F|  |TAMS 0x000000061c000000| PB 0x000000061c000000| Untracked |  0
| 110|0x000000061c400000, 0x000000061c400000, 0x000000061c800000|  0%| F|  |TAMS 0x000000061c400000| PB 0x000000061c400000| Untracked |  0
| 111|0x000000061c800000, 0x000000061c800000, 0x000000061cc00000|  0%| F|  |TAMS 0x000000061c800000| PB 0x000000061c800000| Untracked |  0
| 112|0x000000061cc00000, 0x000000061cc00000, 0x000000061d000000|  0%| F|  |TAMS 0x000000061cc00000| PB 0x000000061cc00000| Untracked |  0
| 113|0x000000061d000000, 0x000000061d000000, 0x000000061d400000|  0%| F|  |TAMS 0x000000061d000000| PB 0x000000061d000000| Untracked |  0
| 114|0x000000061d400000, 0x000000061d400000, 0x000000061d800000|  0%| F|  |TAMS 0x000000061d400000| PB 0x000000061d400000| Untracked |  0
| 115|0x000000061d800000, 0x000000061d800000, 0x000000061dc00000|  0%| F|  |TAMS 0x000000061d800000| PB 0x000000061d800000| Untracked |  0
| 116|0x000000061dc00000, 0x000000061dc00000, 0x000000061e000000|  0%| F|  |TAMS 0x000000061dc00000| PB 0x000000061dc00000| Untracked |  0
| 117|0x000000061e000000, 0x000000061e000000, 0x000000061e400000|  0%| F|  |TAMS 0x000000061e000000| PB 0x000000061e000000| Untracked |  0
| 118|0x000000061e400000, 0x000000061e400000, 0x000000061e800000|  0%| F|  |TAMS 0x000000061e400000| PB 0x000000061e400000| Untracked |  0
| 119|0x000000061e800000, 0x000000061e800000, 0x000000061ec00000|  0%| F|  |TAMS 0x000000061e800000| PB 0x000000061e800000| Untracked |  0
| 120|0x000000061ec00000, 0x000000061ec00000, 0x000000061f000000|  0%| F|  |TAMS 0x000000061ec00000| PB 0x000000061ec00000| Untracked |  0
| 121|0x000000061f000000, 0x000000061f000000, 0x000000061f400000|  0%| F|  |TAMS 0x000000061f000000| PB 0x000000061f000000| Untracked |  0
| 122|0x000000061f400000, 0x000000061f400000, 0x000000061f800000|  0%| F|  |TAMS 0x000000061f400000| PB 0x000000061f400000| Untracked |  0
| 123|0x000000061f800000, 0x000000061f800000, 0x000000061fc00000|  0%| F|  |TAMS 0x000000061f800000| PB 0x000000061f800000| Untracked |  0
| 124|0x000000061fc00000, 0x000000061fc00000, 0x0000000620000000|  0%| F|  |TAMS 0x000000061fc00000| PB 0x000000061fc00000| Untracked |  0
| 125|0x0000000620000000, 0x0000000620000000, 0x0000000620400000|  0%| F|  |TAMS 0x0000000620000000| PB 0x0000000620000000| Untracked |  0
| 126|0x0000000620400000, 0x000000062073f0f8, 0x0000000620800000| 81%| E|  |TAMS 0x0000000620400000| PB 0x0000000620400000| Complete |  0
| 127|0x0000000620800000, 0x0000000620c00000, 0x0000000620c00000|100%| E|CS|TAMS 0x0000000620800000| PB 0x0000000620800000| Complete |  0

Card table byte_map: [0x000002a1edb20000,0x000002a1eeb20000] _byte_map_base: 0x000002a1eab1a000

Marking Bits: (CMBitMap*) 0x000002a1d4aecbc0
 Bits: [0x000002a1eeb20000, 0x000002a1f6af0000)

Polling page: 0x000002a1d28a0000

Metaspace:

Usage:
  Non-class:      2.67 MB used.
      Class:    170.97 KB used.
       Both:      2.84 MB used.

Virtual space:
  Non-class space:       64.00 MB reserved,       2.75 MB (  4%) committed,  1 nodes.
      Class space:        1.00 GB reserved,     256.00 KB ( <1%) committed,  1 nodes.
             Both:        1.06 GB reserved,       3.00 MB ( <1%) committed. 

Chunk freelists:
   Non-Class:  10.38 MB
       Class:  15.64 MB
        Both:  26.01 MB

MaxMetaspaceSize: unlimited
CompressedClassSpaceSize: 1.00 GB
Initial GC threshold: 21.00 MB
Current GC threshold: 21.00 MB
CDS: on
 - commit_granule_bytes: 65536.
 - commit_granule_words: 8192.
 - virtual_space_node_default_size: 8388608.
 - enlarge_chunks_in_place: 1.
 - use_allocation_guard: 0.


Internal statistics:

num_allocs_failed_limit: 0.
num_arena_births: 66.
num_arena_deaths: 0.
num_vsnodes_births: 2.
num_vsnodes_deaths: 0.
num_space_committed: 48.
num_space_uncommitted: 0.
num_chunks_returned_to_freelist: 0.
num_chunks_taken_from_freelist: 152.
num_chunk_merges: 0.
num_chunk_splits: 100.
num_chunks_enlarged: 70.
num_inconsistent_stats: 0.

CodeHeap 'non-profiled nmethods': size=119232Kb used=139Kb max_used=139Kb free=119092Kb
 bounds [0x000002a1e4d00000, 0x000002a1e4f70000, 0x000002a1ec170000]
CodeHeap 'profiled nmethods': size=119104Kb used=517Kb max_used=517Kb free=118586Kb
 bounds [0x000002a1dd170000, 0x000002a1dd3e0000, 0x000002a1e45c0000]
CodeHeap 'non-nmethods': size=7424Kb used=2575Kb max_used=2588Kb free=4848Kb
 bounds [0x000002a1e45c0000, 0x000002a1e4850000, 0x000002a1e4d00000]
CodeCache: size=245760Kb, used=3231Kb, max_used=3244Kb, free=242526Kb
 total_blobs=1469, nmethods=494, adapters=880, full_count=0
Compilation: enabled, stopped_count=0, restarted_count=0

Compilation events (20 events):
Event: 0.267 Thread 0x000002a1c11357a0  487       3       jdk.internal.jimage.ImageStringsReader::hashCode (8 bytes)
Event: 0.267 Thread 0x000002a1c11357a0 nmethod 487 0x000002a1dd1ebd08 code [0x000002a1dd1ebe40, 0x000002a1dd1ec008]
Event: 0.267 Thread 0x000002a1c11357a0  484       3       jdk.internal.jimage.BasicImageReader::match (37 bytes)
Event: 0.267 Thread 0x000002a1c11357a0 nmethod 484 0x000002a1dd1ec088 code [0x000002a1dd1ec1e0, 0x000002a1dd1ec4b0]
Event: 0.267 Thread 0x000002a1c11357a0  489  s!   3       jdk.internal.loader.URLClassPath::getLoader (194 bytes)
Event: 0.267 Thread 0x000002a1f6d808d0 nmethod 485 0x000002a1dd1ec508 code [0x000002a1dd1ec760, 0x000002a1dd1ed858]
Event: 0.267 Thread 0x000002a1f6d808d0  486       3       jdk.internal.jimage.ImageLocation::verifyName (161 bytes)
Event: 0.267 Thread 0x000002a1c11357a0 nmethod 489 0x000002a1dd1ed908 code [0x000002a1dd1edb80, 0x000002a1dd1ef0c0]
Event: 0.268 Thread 0x000002a1c11357a0  490   !   3       java.util.jar.JarFile::isMultiRelease (33 bytes)
Event: 0.268 Thread 0x000002a1c11357a0 nmethod 490 0x000002a1dd1ef188 code [0x000002a1dd1ef2c0, 0x000002a1dd1ef4c0]
Event: 0.268 Thread 0x000002a1c11357a0  491       1       java.lang.NamedPackage::module (5 bytes)
Event: 0.268 Thread 0x000002a1c11357a0 nmethod 491 0x000002a1e4d22508 code [0x000002a1e4d22620, 0x000002a1e4d226f0]
Event: 0.268 Thread 0x000002a1c11357a0  492       3       sun.misc.Unsafe::putLong (14 bytes)
Event: 0.268 Thread 0x000002a1c11357a0 nmethod 492 0x000002a1dd1ef508 code [0x000002a1dd1ef620, 0x000002a1dd1ef798]
Event: 0.268 Thread 0x000002a1c11357a0  493       3       org.lwjgl.system.MemoryUtil::memPutAddress (29 bytes)
Event: 0.268 Thread 0x000002a1c11357a0 nmethod 493 0x000002a1dd1ef808 code [0x000002a1dd1ef940, 0x000002a1dd1efba0]
Event: 0.268 Thread 0x000002a1f6d808d0 nmethod 486 0x000002a1dd1efc08 code [0x000002a1dd1efec0, 0x000002a1dd1f1458]
Event: 0.268 Thread 0x000002a1f6d95360 nmethod 488 0x000002a1e4d22808 code [0x000002a1e4d22920, 0x000002a1e4d22b18]
Event: 0.268 Thread 0x000002a1f6d95360  494       4       java.lang.Integer::toUnsignedLong (7 bytes)
Event: 0.268 Thread 0x000002a1f6d95360 nmethod 494 0x000002a1e4d22b88 code [0x000002a1e4d22c80, 0x000002a1e4d22ce8]

GC Heap History (0 events):
No events

Dll operation events (9 events):
Event: 0.005 Loaded shared library C:\Program Files\Java\jdk-23\bin\java.dll
Event: 0.023 Loaded shared library C:\Program Files\Java\jdk-23\bin\jsvml.dll
Event: 0.077 Loaded shared library C:\Program Files\Java\jdk-23\bin\net.dll
Event: 0.078 Loaded shared library C:\Program Files\Java\jdk-23\bin\nio.dll
Event: 0.082 Loaded shared library C:\Program Files\Java\jdk-23\bin\zip.dll
Event: 0.092 Loaded shared library C:\Program Files\Java\jdk-23\bin\verify.dll
Event: 0.121 Loaded shared library C:\Program Files\Java\jdk-23\bin\jimage.dll
Event: 0.134 Loaded shared library C:\Users\buian\AppData\Local\Temp\lwjglbuian\3.3.1-build-7\lwjgl.dll
Event: 0.266 Loaded shared library C:\Users\buian\AppData\Local\Temp\lwjglbuian\3.3.1-build-7\lwjgl_opengl.dll

Deoptimization events (4 events):
Event: 0.104 Thread 0x000002a1d2656af0 Uncommon trap: trap_request=0xffffff45 fr.pc=0x000002a1e4d06cac relative=0x000000000000026c
Event: 0.105 Thread 0x000002a1d2656af0 Uncommon trap: reason=unstable_if action=reinterpret pc=0x000002a1e4d06cac method=jdk.internal.util.ArraysSupport.hashCodeOfUnsigned([BIII)I @ 1 c2
Event: 0.105 Thread 0x000002a1d2656af0 DEOPT PACKING pc=0x000002a1e4d06cac sp=0x000000d4b50fbc70
Event: 0.105 Thread 0x000002a1d2656af0 DEOPT UNPACKING pc=0x000002a1e4614402 sp=0x000000d4b50fbb30 mode 2

Classes loaded (20 events):
Event: 0.143 Loading class java/nio/DirectFloatBufferU
Event: 0.143 Loading class java/nio/DirectFloatBufferU done
Event: 0.143 Loading class java/nio/DirectDoubleBufferU
Event: 0.143 Loading class java/nio/DirectDoubleBufferU done
Event: 0.143 Loading class sun/misc/Unsafe
Event: 0.143 Loading class sun/misc/Unsafe done
Event: 0.143 Loading class sun/misc/Unsafe$MemoryAccessOption
Event: 0.143 Loading class sun/misc/Unsafe$MemoryAccessOption done
Event: 0.144 Loading class java/lang/invoke/DirectMethodHandle$StaticAccessor
Event: 0.144 Loading class java/lang/invoke/DirectMethodHandle$StaticAccessor done
Event: 0.145 Loading class java/util/function/LongPredicate
Event: 0.145 Loading class java/util/function/LongPredicate done
Event: 0.146 Loading class java/lang/foreign/MemorySegment
Event: 0.146 Loading class java/lang/foreign/MemorySegment done
Event: 0.149 Loading class java/nio/InvalidMarkException
Event: 0.149 Loading class java/nio/InvalidMarkException done
Event: 0.149 Loading class java/nio/BufferUnderflowException
Event: 0.150 Loading class java/nio/BufferUnderflowException done
Event: 0.151 Loading class java/lang/IndexOutOfBoundsException
Event: 0.151 Loading class java/lang/IndexOutOfBoundsException done

Classes unloaded (0 events):
No events

Classes redefined (0 events):
No events

Internal exceptions (20 events):
Event: 0.114 Thread 0x000002a1d2656af0 Exception <a 'java/lang/NoSuchMethodError'{0x00000006204beec8}: 'java.lang.Object java.lang.invoke.DirectMethodHandle$Holder.invokeStatic(java.lang.Object, java.lang.Object, int)'> (0x00000006204beec8) 
thrown [s\open\src\hotspot\share\interpreter\linkResolver.cpp, line 796]
Event: 0.115 Thread 0x000002a1d2656af0 Exception <a 'java/lang/NoSuchMethodError'{0x00000006204ca770}: 'void java.lang.invoke.DelegatingMethodHandle$Holder.delegate(java.lang.Object, java.lang.Object, int, java.lang.Object)'> (0x00000006204ca770) 
thrown [s\open\src\hotspot\share\interpreter\linkResolver.cpp, line 796]
Event: 0.115 Thread 0x000002a1d2656af0 Exception <a 'java/lang/NoSuchMethodError'{0x00000006204ce7a0}: 'int java.lang.invoke.DirectMethodHandle$Holder.invokeSpecial(java.lang.Object, java.lang.Object, java.lang.Object)'> (0x00000006204ce7a0) 
thrown [s\open\src\hotspot\share\interpreter\linkResolver.cpp, line 796]
Event: 0.118 Thread 0x000002a1d2656af0 Exception <a 'java/lang/NoSuchMethodError'{0x00000006204e9330}: 'void java.lang.System.loadLibrary(java.lang.String, java.lang.Class)'> (0x00000006204e9330) 
thrown [s\open\src\hotspot\share\interpreter\linkResolver.cpp, line 796]
Event: 0.133 Thread 0x000002a1d2656af0 Exception <a 'sun/nio/fs/WindowsException'{0x0000000620530fb8}> (0x0000000620530fb8) 
thrown [s\open\src\hotspot\share\prims\jni.cpp, line 520]
Event: 0.133 Thread 0x000002a1d2656af0 Exception <a 'sun/nio/fs/WindowsException'{0x0000000620531508}> (0x0000000620531508) 
thrown [s\open\src\hotspot\share\prims\jni.cpp, line 520]
Event: 0.139 Thread 0x000002a1d2656af0 Exception <a 'sun/nio/fs/WindowsException'{0x000000062054e218}> (0x000000062054e218) 
thrown [s\open\src\hotspot\share\prims\jni.cpp, line 520]
Event: 0.139 Thread 0x000002a1d2656af0 Exception <a 'sun/nio/fs/WindowsException'{0x000000062054e578}> (0x000000062054e578) 
thrown [s\open\src\hotspot\share\prims\jni.cpp, line 520]
Event: 0.145 Thread 0x000002a1d2656af0 Exception <a 'java/lang/NoSuchMethodError'{0x000000062059b748}: 'int java.lang.invoke.DirectMethodHandle$Holder.invokeStaticInit(java.lang.Object, java.lang.Object, int, long)'> (0x000000062059b748) 
thrown [s\open\src\hotspot\share\interpreter\linkResolver.cpp, line 796]
Event: 0.146 Thread 0x000002a1d2656af0 Exception <a 'java/lang/NoSuchMethodError'{0x00000006205a0880}: 'java.lang.Object java.lang.invoke.DirectMethodHandle$Holder.newInvokeSpecial(java.lang.Object, java.lang.Object, int)'> (0x00000006205a0880) 
thrown [s\open\src\hotspot\share\interpreter\linkResolver.cpp, line 796]
Event: 0.147 Thread 0x000002a1d2656af0 Exception <a 'java/lang/NoSuchMethodError'{0x00000006205af0e0}: 'int java.lang.invoke.DirectMethodHandle$Holder.invokeStaticInit(java.lang.Object, java.lang.Object, long, long)'> (0x00000006205af0e0) 
thrown [s\open\src\hotspot\share\interpreter\linkResolver.cpp, line 796]
Event: 0.148 Thread 0x000002a1d2656af0 Exception <a 'java/lang/NoSuchMethodError'{0x00000006205b4bb0}: 'java.lang.Object java.lang.invoke.DirectMethodHandle$Holder.newInvokeSpecial(java.lang.Object, java.lang.Object, long)'> (0x00000006205b4bb0) 
thrown [s\open\src\hotspot\share\interpreter\linkResolver.cpp, line 796]
Event: 0.148 Thread 0x000002a1d2656af0 Exception <a 'java/lang/NoSuchMethodError'{0x00000006205b8a70}: 'java.lang.Object java.lang.invoke.Invokers$Holder.linkToTargetMethod(java.lang.Object, long, java.lang.Object)'> (0x00000006205b8a70) 
thrown [s\open\src\hotspot\share\interpreter\linkResolver.cpp, line 796]
Event: 0.149 Thread 0x000002a1d2656af0 Exception <a 'java/lang/NoSuchMethodError'{0x00000006205bfd00}: 'int java.lang.invoke.DirectMethodHandle$Holder.invokeStaticInit(java.lang.Object, java.lang.Object, java.lang.Object, long)'> (0x00000006205bfd00) 
thrown [s\open\src\hotspot\share\interpreter\linkResolver.cpp, line 796]
Event: 0.261 Thread 0x000002a1d2656af0 Exception <a 'java/lang/NoSuchMethodError'{0x00000006206cd340}: 'void java.lang.System.load(java.lang.String, java.lang.Class)'> (0x00000006206cd340) 
thrown [s\open\src\hotspot\share\interpreter\linkResolver.cpp, line 796]
Event: 0.262 Thread 0x000002a1d2656af0 Exception <a 'java/lang/NoSuchMethodError'{0x00000006206cfdd0}: 'void java.lang.System.loadLibrary(java.lang.String, java.lang.Class)'> (0x00000006206cfdd0) 
thrown [s\open\src\hotspot\share\interpreter\linkResolver.cpp, line 796]
Event: 0.265 Thread 0x000002a1d2656af0 Exception <a 'sun/nio/fs/WindowsException'{0x00000006206debb8}> (0x00000006206debb8) 
thrown [s\open\src\hotspot\share\prims\jni.cpp, line 520]
Event: 0.265 Thread 0x000002a1d2656af0 Exception <a 'sun/nio/fs/WindowsException'{0x00000006206def60}> (0x00000006206def60) 
thrown [s\open\src\hotspot\share\prims\jni.cpp, line 520]
Event: 0.267 Thread 0x000002a1d2656af0 Exception <a 'sun/nio/fs/WindowsException'{0x00000006206e3ef0}> (0x00000006206e3ef0) 
thrown [s\open\src\hotspot\share\prims\jni.cpp, line 520]
Event: 0.267 Thread 0x000002a1d2656af0 Exception <a 'sun/nio/fs/WindowsException'{0x00000006206e41d0}> (0x00000006206e41d0) 
thrown [s\open\src\hotspot\share\prims\jni.cpp, line 520]

VM Operations (2 events):
Event: 0.082 Executing VM operation: HandshakeAllThreads (Deoptimize)
Event: 0.082 Executing VM operation: HandshakeAllThreads (Deoptimize) done

Memory protections (0 events):
No events

Nmethod flushes (0 events):
No events

Events (15 events):
Event: 0.014 Thread 0x000002a1d2656af0 Thread added: 0x000002a1d2656af0
Event: 0.022 Thread 0x000002a1d2656af0 Thread added: 0x000002a1f6d74670
Event: 0.022 Thread 0x000002a1d2656af0 Thread added: 0x000002a1f6d75590
Event: 0.022 Thread 0x000002a1d2656af0 Thread added: 0x000002a1f6d777f0
Event: 0.022 Thread 0x000002a1d2656af0 Thread added: 0x000002a1f6d7a6b0
Event: 0.022 Thread 0x000002a1d2656af0 Thread added: 0x000002a1f6d7c120
Event: 0.022 Thread 0x000002a1d2656af0 Thread added: 0x000002a1f6d7ccb0
Event: 0.022 Thread 0x000002a1d2656af0 Thread added: 0x000002a1f6d95360
Event: 0.022 Thread 0x000002a1d2656af0 Thread added: 0x000002a1f6d808d0
Event: 0.031 Thread 0x000002a1f6d808d0 Thread added: 0x000002a1c11357a0
Event: 0.038 Thread 0x000002a1d2656af0 Thread added: 0x000002a1c11c8c20
Event: 0.038 Thread 0x000002a1d2656af0 Thread added: 0x000002a1c11cf250
Event: 0.038 Thread 0x000002a1c11c8c20 Thread added: 0x000002a1c11cf8e0
Event: 0.071 Thread 0x000002a1d2656af0 Thread added: 0x000002a1c11d2090
Event: 0.073 Thread 0x000002a1d2656af0 Thread added: 0x000002a1c11e1780


Dynamic libraries:
0x00007ff65d470000 - 0x00007ff65d480000 	C:\Program Files\Java\jdk-23\bin\java.exe
0x00007fff54910000 - 0x00007fff54b27000 	C:\WINDOWS\SYSTEM32\ntdll.dll
0x00007fff53e10000 - 0x00007fff53ed4000 	C:\WINDOWS\System32\KERNEL32.DLL
0x00007fff52220000 - 0x00007fff525d7000 	C:\WINDOWS\System32\KERNELBASE.dll
0x00007fff52060000 - 0x00007fff52171000 	C:\WINDOWS\System32\ucrtbase.dll
0x00007fff43b60000 - 0x00007fff43b77000 	C:\Program Files\Java\jdk-23\bin\jli.dll
0x00007fff42f40000 - 0x00007fff42f5b000 	C:\Program Files\Java\jdk-23\bin\VCRUNTIME140.dll
0x00007fff53980000 - 0x00007fff53b2f000 	C:\WINDOWS\System32\USER32.dll
0x00007fff525e0000 - 0x00007fff52606000 	C:\WINDOWS\System32\win32u.dll
0x00007fff3ca20000 - 0x00007fff3ccb3000 	C:\WINDOWS\WinSxS\amd64_microsoft.windows.common-controls_6595b64144ccf1df_6.0.22621.3672_none_2713b9d173822955\COMCTL32.dll
0x00007fff548a0000 - 0x00007fff548c9000 	C:\WINDOWS\System32\GDI32.dll
0x00007fff52a00000 - 0x00007fff52aa7000 	C:\WINDOWS\System32\msvcrt.dll
0x00007fff51f40000 - 0x00007fff52058000 	C:\WINDOWS\System32\gdi32full.dll
0x00007fff52180000 - 0x00007fff5221a000 	C:\WINDOWS\System32\msvcp_win.dll
0x00007fff53dd0000 - 0x00007fff53e01000 	C:\WINDOWS\System32\IMM32.DLL
0x00007fff4ba70000 - 0x00007fff4ba7c000 	C:\Program Files\Java\jdk-23\bin\vcruntime140_1.dll
0x00007fff2d5b0000 - 0x00007fff2d63e000 	C:\Program Files\Java\jdk-23\bin\msvcp140.dll
0x00007ffe5f230000 - 0x00007ffe5ff7f000 	C:\Program Files\Java\jdk-23\bin\server\jvm.dll
0x00007fff54750000 - 0x00007fff54802000 	C:\WINDOWS\System32\ADVAPI32.dll
0x00007fff53cf0000 - 0x00007fff53d98000 	C:\WINDOWS\System32\sechost.dll
0x00007fff52610000 - 0x00007fff52638000 	C:\WINDOWS\System32\bcrypt.dll
0x00007fff52f60000 - 0x00007fff53074000 	C:\WINDOWS\System32\RPCRT4.dll
0x00007fff530f0000 - 0x00007fff53161000 	C:\WINDOWS\System32\WS2_32.dll
0x00007fff50ad0000 - 0x00007fff50b1d000 	C:\WINDOWS\SYSTEM32\POWRPROF.dll
0x00007fff4d1c0000 - 0x00007fff4d1f4000 	C:\WINDOWS\SYSTEM32\WINMM.dll
0x00007fff4b900000 - 0x00007fff4b90a000 	C:\WINDOWS\SYSTEM32\VERSION.dll
0x00007fff50ab0000 - 0x00007fff50ac3000 	C:\WINDOWS\SYSTEM32\UMPDC.dll
0x00007fff50d60000 - 0x00007fff50d78000 	C:\WINDOWS\SYSTEM32\kernel.appcore.dll
0x00007fff43b50000 - 0x00007fff43b5a000 	C:\Program Files\Java\jdk-23\bin\jimage.dll
0x00007fff4f2b0000 - 0x00007fff4f4e2000 	C:\WINDOWS\SYSTEM32\DBGHELP.DLL
0x00007fff53430000 - 0x00007fff537be000 	C:\WINDOWS\System32\combase.dll
0x00007fff52640000 - 0x00007fff52717000 	C:\WINDOWS\System32\OLEAUT32.dll
0x00007fff39bd0000 - 0x00007fff39c02000 	C:\WINDOWS\SYSTEM32\dbgcore.DLL
0x00007fff51e00000 - 0x00007fff51e7b000 	C:\WINDOWS\System32\bcryptPrimitives.dll
0x00007fff35ff0000 - 0x00007fff3602c000 	C:\Program Files\Java\jdk-23\bin\jdwp.dll
0x00007fff42760000 - 0x00007fff4277e000 	C:\Program Files\Java\jdk-23\bin\java.dll
0x00007fff53280000 - 0x00007fff53425000 	C:\WINDOWS\System32\ole32.dll
0x00007fff53ee0000 - 0x00007fff54749000 	C:\WINDOWS\System32\SHELL32.dll
0x00007fff4fba0000 - 0x00007fff5049f000 	C:\WINDOWS\SYSTEM32\windows.storage.dll
0x00007fff4fa60000 - 0x00007fff4fb9f000 	C:\WINDOWS\SYSTEM32\wintypes.dll
0x00007fff53180000 - 0x00007fff53279000 	C:\WINDOWS\System32\SHCORE.dll
0x00007fff53920000 - 0x00007fff5397e000 	C:\WINDOWS\System32\shlwapi.dll
0x00007fff51b50000 - 0x00007fff51b77000 	C:\WINDOWS\SYSTEM32\profapi.dll
0x00007fff280e0000 - 0x00007fff281b7000 	C:\Program Files\Java\jdk-23\bin\jsvml.dll
0x00007fff42a40000 - 0x00007fff42a4c000 	C:\Program Files\Java\jdk-23\bin\dt_socket.dll
0x00007fff50770000 - 0x00007fff5079d000 	C:\WINDOWS\SYSTEM32\IPHLPAPI.DLL
0x00007fff511d0000 - 0x00007fff51239000 	C:\WINDOWS\system32\mswsock.dll
0x00007fff507e0000 - 0x00007fff508e2000 	C:\WINDOWS\SYSTEM32\DNSAPI.dll
0x00007fff530e0000 - 0x00007fff530e9000 	C:\WINDOWS\System32\NSI.dll
0x00007fff432f0000 - 0x00007fff432fa000 	C:\Windows\System32\rasadhlp.dll
0x00007fff4b760000 - 0x00007fff4b7e3000 	C:\WINDOWS\System32\fwpuclnt.dll
0x00007fff3e060000 - 0x00007fff3e070000 	C:\Program Files\Java\jdk-23\bin\net.dll
0x00007fff360b0000 - 0x00007fff360c6000 	C:\Program Files\Java\jdk-23\bin\nio.dll
0x00007fff35c40000 - 0x00007fff35c57000 	C:\Program Files\Java\jdk-23\bin\zip.dll
0x00007fff3e050000 - 0x00007fff3e060000 	C:\Program Files\Java\jdk-23\bin\verify.dll
0x00007fff2d530000 - 0x00007fff2d5a5000 	C:\Users\buian\AppData\Local\Temp\lwjglbuian\3.3.1-build-7\lwjgl.dll
0x00007ffefb0b0000 - 0x00007ffefb111000 	C:\Users\buian\AppData\Local\Temp\lwjglbuian\3.3.1-build-7\glfw.dll
0x00007ffed3530000 - 0x00007ffed3576000 	C:\WINDOWS\SYSTEM32\dinput8.dll
0x00007fff34990000 - 0x00007fff349a1000 	C:\WINDOWS\SYSTEM32\xinput1_4.dll
0x00007fff51930000 - 0x00007fff5197e000 	C:\WINDOWS\SYSTEM32\cfgmgr32.dll
0x00007fff518e0000 - 0x00007fff5190c000 	C:\WINDOWS\SYSTEM32\DEVOBJ.dll
0x00007fff4e3b0000 - 0x00007fff4e3db000 	C:\WINDOWS\SYSTEM32\dwmapi.dll
0x00007fff36a00000 - 0x00007fff36c13000 	C:\WINDOWS\SYSTEM32\inputhost.dll
0x00007fff4b450000 - 0x00007fff4b583000 	C:\WINDOWS\SYSTEM32\CoreMessaging.dll
0x00007fff4e220000 - 0x00007fff4e2d1000 	C:\WINDOWS\system32\uxtheme.dll
0x00007fff51420000 - 0x00007fff5142c000 	C:\WINDOWS\SYSTEM32\CRYPTBASE.DLL
0x00007fff527d0000 - 0x00007fff52930000 	C:\WINDOWS\System32\MSCTF.dll
0x00007ffef3660000 - 0x00007ffef3760000 	C:\WINDOWS\SYSTEM32\opengl32.dll
0x00007ffef3630000 - 0x00007ffef365d000 	C:\WINDOWS\SYSTEM32\GLU32.dll
0x00007fff4e650000 - 0x00007fff4e687000 	C:\WINDOWS\SYSTEM32\dxcore.dll
0x00007fff52720000 - 0x00007fff527d0000 	C:\WINDOWS\System32\clbcatq.dll
0x00007ffef3600000 - 0x00007ffef362e000 	C:\WINDOWS\System32\DriverStore\FileRepository\u0399660.inf_amd64_d7fa3539ce499e50\B399655\atig6pxx.dll
0x00007ffeeaf70000 - 0x00007ffeef44f000 	C:\WINDOWS\System32\DriverStore\FileRepository\u0399660.inf_amd64_d7fa3539ce499e50\B399655\atio6axx.dll
0x00007fff52ae0000 - 0x00007fff52f54000 	C:\WINDOWS\System32\SETUPAPI.dll
0x00007fff46040000 - 0x00007fff46075000 	C:\WINDOWS\SYSTEM32\amdihk64.dll
0x00007fff51d90000 - 0x00007fff51dfc000 	C:\WINDOWS\System32\WINTRUST.dll
0x00007fff51c20000 - 0x00007fff51d86000 	C:\WINDOWS\System32\CRYPT32.dll
0x00007fff51480000 - 0x00007fff51492000 	C:\WINDOWS\SYSTEM32\MSASN1.dll
0x00007fff30da0000 - 0x00007fff30ee3000 	C:\WINDOWS\SYSTEM32\textinputframework.dll
0x00007fff498b0000 - 0x00007fff49c1d000 	C:\WINDOWS\SYSTEM32\CoreUIComponents.dll
0x00007fff28080000 - 0x00007fff280dd000 	C:\Users\buian\AppData\Local\Temp\lwjglbuian\3.3.1-build-7\lwjgl_opengl.dll

dbghelp: loaded successfully - version: 4.0.5 - missing functions: none
symbol engine: initialized successfully - sym options: 0x614 - pdb path: .;C:\Program Files\Java\jdk-23\bin;C:\WINDOWS\SYSTEM32;C:\WINDOWS\WinSxS\amd64_microsoft.windows.common-controls_6595b64144ccf1df_6.0.22621.3672_none_2713b9d173822955;C:\Program Files\Java\jdk-23\bin\server;C:\Users\buian\AppData\Local\Temp\lwjglbuian\3.3.1-build-7;C:\WINDOWS\System32\DriverStore\FileRepository\u0399660.inf_amd64_d7fa3539ce499e50\B399655

VM Arguments:
jvm_args: -agentlib:jdwp=transport=dt_socket,server=n,suspend=y,address=localhost:49376 -XX:+ShowCodeDetailsInExceptionMessages 
java_command: com.unisinos.Main
java_class_path (initial): C:\Users\buian\OneDrive\Documentos\GitHub\GraphicParserOpenGL\graphicparser\target\classes;C:\Users\buian\.m2\repository\org\lwjgl\lwjgl\3.3.1\lwjgl-3.3.1.jar;C:\Users\buian\.m2\repository\org\lwjgl\lwjgl-opengl\3.3.1\lwjgl-opengl-3.3.1.jar;C:\Users\buian\.m2\repository\org\lwjgl\lwjgl-glfw\3.3.1\lwjgl-glfw-3.3.1.jar;C:\Users\buian\.m2\repository\org\lwjgl\lwjgl-assimp\3.3.1\lwjgl-assimp-3.3.1.jar;C:\Users\buian\.m2\repository\org\joml\joml\1.10.5\joml-1.10.5.jar;C:\Users\buian\.m2\repository\org\lwjgl\lwjgl\3.3.1\lwjgl-3.3.1-natives-windows.jar;C:\Users\buian\.m2\repository\org\lwjgl\lwjgl-opengl\3.3.1\lwjgl-opengl-3.3.1-natives-windows.jar;C:\Users\buian\.m2\repository\org\lwjgl\lwjgl-glfw\3.3.1\lwjgl-glfw-3.3.1-natives-windows.jar;C:\Users\buian\.m2\repository\org\lwjgl\lwjgl-assimp\3.3.1\lwjgl-assimp-3.3.1-natives-windows.jar
Launcher Type: SUN_STANDARD

[Global flags]
     intx CICompilerCount                          = 12                                        {product} {ergonomic}
     uint ConcGCThreads                            = 3                                         {product} {ergonomic}
     uint G1ConcRefinementThreads                  = 13                                        {product} {ergonomic}
   size_t G1HeapRegionSize                         = 4194304                                   {product} {ergonomic}
   size_t InitialHeapSize                          = 536870912                                 {product} {ergonomic}
   size_t MarkStackSize                            = 4194304                                   {product} {ergonomic}
   size_t MarkStackSizeMax                         = 536870912                                 {product} {ergonomic}
   size_t MaxHeapSize                              = 8577351680                                {product} {ergonomic}
   size_t MaxNewSize                               = 5146411008                                {product} {ergonomic}
   size_t MinHeapDeltaBytes                        = 4194304                                   {product} {ergonomic}
   size_t MinHeapSize                              = 8388608                                   {product} {ergonomic}
    uintx NonNMethodCodeHeapSize                   = 7602176                                {pd product} {ergonomic}
    uintx NonProfiledCodeHeapSize                  = 122093568                              {pd product} {ergonomic}
    uintx ProfiledCodeHeapSize                     = 121962496                              {pd product} {ergonomic}
    uintx ReservedCodeCacheSize                    = 251658240                              {pd product} {ergonomic}
     bool SegmentedCodeCache                       = true                                      {product} {ergonomic}
     bool ShowCodeDetailsInExceptionMessages       = true                                   {manageable} {command line}
   size_t SoftMaxHeapSize                          = 8577351680                             {manageable} {ergonomic}
     bool UseCompressedOops                        = true                           {product lp64_product} {ergonomic}
     bool UseG1GC                                  = true                                      {product} {ergonomic}
     bool UseLargePagesIndividualAllocation        = false                                  {pd product} {ergonomic}

Logging:
Log output configuration:
 #0: stdout all=warning uptime,level,tags foldmultilines=false
 #1: stderr all=off uptime,level,tags foldmultilines=false

Environment Variables:
CLASSPATH=C:\JavaLib\antlr-4.9.2-complete.jar
PATH=C:\Program Files\Common Files\Oracle\Java\javapath;C:\Program Files (x86)\Common Files\Oracle\Java\java8path;C:\Program Files (x86)\Common Files\Oracle\Java\javapath;C:\Program Files (x86)\NVIDIA Corporation\PhysX\Common;C:\WINDOWS\system32;C:\WINDOWS;C:\WINDOWS\System32\Wbem;C:\WINDOWS\System32\WindowsPowerShell\v1.0\;C:\WINDOWS\System32\OpenSSH\;C:\Users\buian\AppData\Local\Programs\Python\Python312;C:\Program Files\Java\jdk-23\bin;C:\Users\buian\AppData\Local\Microsoft\WindowsApps;C:\Users\buian\AppData\Local\Programs\Microsoft VS Code\bin;C:\Users\buian\AppData\Local\GitHubDesktop\bin;C:\jflex-1.9.1\bin;C:\MinGW\bin;C:\cup\bin;C:\JavaLib\antlr-4.9.2-complete.jar;C:\JavaLib;
USERNAME=buian
LANG=en_US.UTF-8
OS=Windows_NT
PROCESSOR_IDENTIFIER=AMD64 Family 25 Model 33 Stepping 0, AuthenticAMD
TMP=C:\Users\buian\AppData\Local\Temp
TEMP=C:\Users\buian\AppData\Local\Temp




Periodic native trim disabled

---------------  S Y S T E M  ---------------

OS:
 Windows 11 , 64 bit Build 22621 (10.0.22621.3958)
OS uptime: 3 days 3:24 hours

CPU: total 16 (initial active 16) (16 cores per cpu, 2 threads per core) family 25 model 33 stepping 0 microcode 0x0, cx8, cmov, fxsr, ht, mmx, 3dnowpref, sse, sse2, sse3, ssse3, sse4a, sse4.1, sse4.2, popcnt, lzcnt, tsc, tscinvbit, avx, avx2, aes, erms, clmul, bmi1, bmi2, adx, sha, fma, vzeroupper, clflush, clflushopt, rdtscp, rdpid, fsrm, f16c, pku, cet_ss
Processor Information for the first 16 processors :
  Max Mhz: 3801, Current Mhz: 3801, Mhz Limit: 3801

Memory: 4k page, system-wide physical 32711M (21704M free)
TotalPageFile size 34759M (AvailPageFile size 17295M)
current process WorkingSet (physical memory assigned to process): 99M, peak: 99M
current process commit charge ("private bytes"): 672M, peak: 672M

vm_info: Java HotSpot(TM) 64-Bit Server VM (23+37-2369) for windows-amd64 JRE (23+37-2369), built on 2024-08-20T16:01:23Z with MS VC++ 17.6 (VS2022)

END.
